[2025-11-04 03:18:05] laravel.EMERGENCY: Unable to create configured logger. Using emergency logger. {"exception":"[object] (InvalidArgumentException(code: 0): Log [] is not defined. at /var/www/vhosts/captainellenbogen.com/crm.captainellenbogen.com/backend/vendor/laravel/framework/src/Illuminate/Log/LogManager.php:212)
[stacktrace]
#0 /var/www/vhosts/captainellenbogen.com/crm.captainellenbogen.com/backend/vendor/laravel/framework/src/Illuminate/Log/LogManager.php(137): Illuminate\\Log\\LogManager->resolve()
#1 /var/www/vhosts/captainellenbogen.com/crm.captainellenbogen.com/backend/vendor/laravel/framework/src/Illuminate/Log/LogManager.php(124): Illuminate\\Log\\LogManager->get()
#2 /var/www/vhosts/captainellenbogen.com/crm.captainellenbogen.com/backend/vendor/laravel/framework/src/Illuminate/Log/LogManager.php(681): Illuminate\\Log\\LogManager->driver()
#3 /var/www/vhosts/captainellenbogen.com/crm.captainellenbogen.com/backend/vendor/laravel/framework/src/Illuminate/Foundation/Exceptions/Handler.php(317): Illuminate\\Log\\LogManager->error()
#4 /var/www/vhosts/captainellenbogen.com/crm.captainellenbogen.com/backend/vendor/laravel/framework/src/Illuminate/Foundation/Exceptions/Handler.php(278): Illuminate\\Foundation\\Exceptions\\Handler->reportThrowable()
#5 /var/www/vhosts/captainellenbogen.com/crm.captainellenbogen.com/backend/vendor/laravel/framework/src/Illuminate/Foundation/Console/Kernel.php(523): Illuminate\\Foundation\\Exceptions\\Handler->report()
#6 /var/www/vhosts/captainellenbogen.com/crm.captainellenbogen.com/backend/vendor/laravel/framework/src/Illuminate/Foundation/Console/Kernel.php(203): Illuminate\\Foundation\\Console\\Kernel->reportException()
#7 /var/www/vhosts/captainellenbogen.com/crm.captainellenbogen.com/backend/artisan(35): Illuminate\\Foundation\\Console\\Kernel->handle()
#8 {main}
"} 
[2025-11-04 03:18:05] laravel.ERROR: The /var/www/vhosts/captainellenbogen.com/crm.captainellenbogen.com/backend/bootstrap/cache directory must be present and writable. {"exception":"[object] (Exception(code: 0): The /var/www/vhosts/captainellenbogen.com/crm.captainellenbogen.com/backend/bootstrap/cache directory must be present and writable. at /var/www/vhosts/captainellenbogen.com/crm.captainellenbogen.com/backend/vendor/laravel/framework/src/Illuminate/Foundation/PackageManifest.php:178)
[stacktrace]
#0 /var/www/vhosts/captainellenbogen.com/crm.captainellenbogen.com/backend/vendor/laravel/framework/src/Illuminate/Foundation/PackageManifest.php(131): Illuminate\\Foundation\\PackageManifest->write()
#1 /var/www/vhosts/captainellenbogen.com/crm.captainellenbogen.com/backend/vendor/laravel/framework/src/Illuminate/Foundation/PackageManifest.php(107): Illuminate\\Foundation\\PackageManifest->build()
#2 /var/www/vhosts/captainellenbogen.com/crm.captainellenbogen.com/backend/vendor/laravel/framework/src/Illuminate/Foundation/PackageManifest.php(90): Illuminate\\Foundation\\PackageManifest->getManifest()
#3 /var/www/vhosts/captainellenbogen.com/crm.captainellenbogen.com/backend/vendor/laravel/framework/src/Illuminate/Foundation/PackageManifest.php(79): Illuminate\\Foundation\\PackageManifest->config()
#4 /var/www/vhosts/captainellenbogen.com/crm.captainellenbogen.com/backend/vendor/laravel/framework/src/Illuminate/Foundation/Bootstrap/RegisterFacades.php(26): Illuminate\\Foundation\\PackageManifest->aliases()
#5 /var/www/vhosts/captainellenbogen.com/crm.captainellenbogen.com/backend/vendor/laravel/framework/src/Illuminate/Foundation/Application.php(286): Illuminate\\Foundation\\Bootstrap\\RegisterFacades->bootstrap()
#6 /var/www/vhosts/captainellenbogen.com/crm.captainellenbogen.com/backend/vendor/laravel/framework/src/Illuminate/Foundation/Console/Kernel.php(447): Illuminate\\Foundation\\Application->bootstrapWith()
#7 /var/www/vhosts/captainellenbogen.com/crm.captainellenbogen.com/backend/vendor/laravel/framework/src/Illuminate/Foundation/Console/Kernel.php(199): Illuminate\\Foundation\\Console\\Kernel->bootstrap()
#8 /var/www/vhosts/captainellenbogen.com/crm.captainellenbogen.com/backend/artisan(35): Illuminate\\Foundation\\Console\\Kernel->handle()
#9 {main}
"} 
[2025-11-04 03:18:45] laravel.EMERGENCY: Unable to create configured logger. Using emergency logger. {"exception":"[object] (InvalidArgumentException(code: 0): Log [] is not defined. at /var/www/vhosts/captainellenbogen.com/crm.captainellenbogen.com/backend/vendor/laravel/framework/src/Illuminate/Log/LogManager.php:212)
[stacktrace]
#0 /var/www/vhosts/captainellenbogen.com/crm.captainellenbogen.com/backend/vendor/laravel/framework/src/Illuminate/Log/LogManager.php(137): Illuminate\\Log\\LogManager->resolve()
#1 /var/www/vhosts/captainellenbogen.com/crm.captainellenbogen.com/backend/vendor/laravel/framework/src/Illuminate/Log/LogManager.php(124): Illuminate\\Log\\LogManager->get()
#2 /var/www/vhosts/captainellenbogen.com/crm.captainellenbogen.com/backend/vendor/laravel/framework/src/Illuminate/Log/LogManager.php(681): Illuminate\\Log\\LogManager->driver()
#3 /var/www/vhosts/captainellenbogen.com/crm.captainellenbogen.com/backend/vendor/laravel/framework/src/Illuminate/Foundation/Exceptions/Handler.php(317): Illuminate\\Log\\LogManager->error()
#4 /var/www/vhosts/captainellenbogen.com/crm.captainellenbogen.com/backend/vendor/laravel/framework/src/Illuminate/Foundation/Exceptions/Handler.php(278): Illuminate\\Foundation\\Exceptions\\Handler->reportThrowable()
#5 /var/www/vhosts/captainellenbogen.com/crm.captainellenbogen.com/backend/vendor/laravel/framework/src/Illuminate/Foundation/Console/Kernel.php(523): Illuminate\\Foundation\\Exceptions\\Handler->report()
#6 /var/www/vhosts/captainellenbogen.com/crm.captainellenbogen.com/backend/vendor/laravel/framework/src/Illuminate/Foundation/Console/Kernel.php(203): Illuminate\\Foundation\\Console\\Kernel->reportException()
#7 /var/www/vhosts/captainellenbogen.com/crm.captainellenbogen.com/backend/artisan(35): Illuminate\\Foundation\\Console\\Kernel->handle()
#8 {main}
"} 
[2025-11-04 03:18:45] laravel.ERROR: The /var/www/vhosts/captainellenbogen.com/crm.captainellenbogen.com/backend/bootstrap/cache directory must be present and writable. {"exception":"[object] (Exception(code: 0): The /var/www/vhosts/captainellenbogen.com/crm.captainellenbogen.com/backend/bootstrap/cache directory must be present and writable. at /var/www/vhosts/captainellenbogen.com/crm.captainellenbogen.com/backend/vendor/laravel/framework/src/Illuminate/Foundation/PackageManifest.php:178)
[stacktrace]
#0 /var/www/vhosts/captainellenbogen.com/crm.captainellenbogen.com/backend/vendor/laravel/framework/src/Illuminate/Foundation/PackageManifest.php(131): Illuminate\\Foundation\\PackageManifest->write()
#1 /var/www/vhosts/captainellenbogen.com/crm.captainellenbogen.com/backend/vendor/laravel/framework/src/Illuminate/Foundation/PackageManifest.php(107): Illuminate\\Foundation\\PackageManifest->build()
#2 /var/www/vhosts/captainellenbogen.com/crm.captainellenbogen.com/backend/vendor/laravel/framework/src/Illuminate/Foundation/PackageManifest.php(90): Illuminate\\Foundation\\PackageManifest->getManifest()
#3 /var/www/vhosts/captainellenbogen.com/crm.captainellenbogen.com/backend/vendor/laravel/framework/src/Illuminate/Foundation/PackageManifest.php(79): Illuminate\\Foundation\\PackageManifest->config()
#4 /var/www/vhosts/captainellenbogen.com/crm.captainellenbogen.com/backend/vendor/laravel/framework/src/Illuminate/Foundation/Bootstrap/RegisterFacades.php(26): Illuminate\\Foundation\\PackageManifest->aliases()
#5 /var/www/vhosts/captainellenbogen.com/crm.captainellenbogen.com/backend/vendor/laravel/framework/src/Illuminate/Foundation/Application.php(286): Illuminate\\Foundation\\Bootstrap\\RegisterFacades->bootstrap()
#6 /var/www/vhosts/captainellenbogen.com/crm.captainellenbogen.com/backend/vendor/laravel/framework/src/Illuminate/Foundation/Console/Kernel.php(447): Illuminate\\Foundation\\Application->bootstrapWith()
#7 /var/www/vhosts/captainellenbogen.com/crm.captainellenbogen.com/backend/vendor/laravel/framework/src/Illuminate/Foundation/Console/Kernel.php(199): Illuminate\\Foundation\\Console\\Kernel->bootstrap()
#8 /var/www/vhosts/captainellenbogen.com/crm.captainellenbogen.com/backend/artisan(35): Illuminate\\Foundation\\Console\\Kernel->handle()
#9 {main}
"} 
[2025-11-04 03:21:08] laravel.EMERGENCY: Unable to create configured logger. Using emergency logger. {"exception":"[object] (InvalidArgumentException(code: 0): Log [] is not defined. at /var/www/vhosts/captainellenbogen.com/crm.captainellenbogen.com/backend/vendor/laravel/framework/src/Illuminate/Log/LogManager.php:212)
[stacktrace]
#0 /var/www/vhosts/captainellenbogen.com/crm.captainellenbogen.com/backend/vendor/laravel/framework/src/Illuminate/Log/LogManager.php(137): Illuminate\\Log\\LogManager->resolve()
#1 /var/www/vhosts/captainellenbogen.com/crm.captainellenbogen.com/backend/vendor/laravel/framework/src/Illuminate/Log/LogManager.php(124): Illuminate\\Log\\LogManager->get()
#2 /var/www/vhosts/captainellenbogen.com/crm.captainellenbogen.com/backend/vendor/laravel/framework/src/Illuminate/Log/LogManager.php(681): Illuminate\\Log\\LogManager->driver()
#3 /var/www/vhosts/captainellenbogen.com/crm.captainellenbogen.com/backend/vendor/laravel/framework/src/Illuminate/Foundation/Exceptions/Handler.php(317): Illuminate\\Log\\LogManager->error()
#4 /var/www/vhosts/captainellenbogen.com/crm.captainellenbogen.com/backend/vendor/laravel/framework/src/Illuminate/Foundation/Exceptions/Handler.php(278): Illuminate\\Foundation\\Exceptions\\Handler->reportThrowable()
#5 /var/www/vhosts/captainellenbogen.com/crm.captainellenbogen.com/backend/vendor/laravel/framework/src/Illuminate/Foundation/Console/Kernel.php(523): Illuminate\\Foundation\\Exceptions\\Handler->report()
#6 /var/www/vhosts/captainellenbogen.com/crm.captainellenbogen.com/backend/vendor/laravel/framework/src/Illuminate/Foundation/Console/Kernel.php(203): Illuminate\\Foundation\\Console\\Kernel->reportException()
#7 /var/www/vhosts/captainellenbogen.com/crm.captainellenbogen.com/backend/artisan(35): Illuminate\\Foundation\\Console\\Kernel->handle()
#8 {main}
"} 
[2025-11-04 03:21:08] laravel.ERROR: Illuminate\View\FileViewFinder::__construct(): Argument #2 ($paths) must be of type array, null given, called in /var/www/vhosts/captainellenbogen.com/crm.captainellenbogen.com/backend/vendor/laravel/framework/src/Illuminate/View/ViewServiceProvider.php on line 85 {"exception":"[object] (TypeError(code: 0): Illuminate\\View\\FileViewFinder::__construct(): Argument #2 ($paths) must be of type array, null given, called in /var/www/vhosts/captainellenbogen.com/crm.captainellenbogen.com/backend/vendor/laravel/framework/src/Illuminate/View/ViewServiceProvider.php on line 85 at /var/www/vhosts/captainellenbogen.com/crm.captainellenbogen.com/backend/vendor/laravel/framework/src/Illuminate/View/FileViewFinder.php:53)
[stacktrace]
#0 /var/www/vhosts/captainellenbogen.com/crm.captainellenbogen.com/backend/vendor/laravel/framework/src/Illuminate/View/ViewServiceProvider.php(85): Illuminate\\View\\FileViewFinder->__construct()
#1 /var/www/vhosts/captainellenbogen.com/crm.captainellenbogen.com/backend/vendor/laravel/framework/src/Illuminate/Container/Container.php(908): Illuminate\\View\\ViewServiceProvider->Illuminate\\View\\{closure}()
#2 /var/www/vhosts/captainellenbogen.com/crm.captainellenbogen.com/backend/vendor/laravel/framework/src/Illuminate/Container/Container.php(795): Illuminate\\Container\\Container->build()
#3 /var/www/vhosts/captainellenbogen.com/crm.captainellenbogen.com/backend/vendor/laravel/framework/src/Illuminate/Foundation/Application.php(986): Illuminate\\Container\\Container->resolve()
#4 /var/www/vhosts/captainellenbogen.com/crm.captainellenbogen.com/backend/vendor/laravel/framework/src/Illuminate/Container/Container.php(731): Illuminate\\Foundation\\Application->resolve()
#5 /var/www/vhosts/captainellenbogen.com/crm.captainellenbogen.com/backend/vendor/laravel/framework/src/Illuminate/Foundation/Application.php(971): Illuminate\\Container\\Container->make()
#6 /var/www/vhosts/captainellenbogen.com/crm.captainellenbogen.com/backend/vendor/laravel/framework/src/Illuminate/Container/Container.php(1454): Illuminate\\Foundation\\Application->make()
#7 /var/www/vhosts/captainellenbogen.com/crm.captainellenbogen.com/backend/vendor/laravel/framework/src/Illuminate/View/ViewServiceProvider.php(45): Illuminate\\Container\\Container->offsetGet()
#8 /var/www/vhosts/captainellenbogen.com/crm.captainellenbogen.com/backend/vendor/laravel/framework/src/Illuminate/Container/Container.php(908): Illuminate\\View\\ViewServiceProvider->Illuminate\\View\\{closure}()
#9 /var/www/vhosts/captainellenbogen.com/crm.captainellenbogen.com/backend/vendor/laravel/framework/src/Illuminate/Container/Container.php(795): Illuminate\\Container\\Container->build()
#10 /var/www/vhosts/captainellenbogen.com/crm.captainellenbogen.com/backend/vendor/laravel/framework/src/Illuminate/Foundation/Application.php(986): Illuminate\\Container\\Container->resolve()
#11 /var/www/vhosts/captainellenbogen.com/crm.captainellenbogen.com/backend/vendor/laravel/framework/src/Illuminate/Container/Container.php(731): Illuminate\\Foundation\\Application->resolve()
#12 /var/www/vhosts/captainellenbogen.com/crm.captainellenbogen.com/backend/vendor/laravel/framework/src/Illuminate/Foundation/Application.php(971): Illuminate\\Container\\Container->make()
#13 /var/www/vhosts/captainellenbogen.com/crm.captainellenbogen.com/backend/vendor/laravel/framework/src/Illuminate/Container/Container.php(1454): Illuminate\\Foundation\\Application->make()
#14 /var/www/vhosts/captainellenbogen.com/crm.captainellenbogen.com/backend/vendor/laravel/framework/src/Illuminate/Support/Facades/Facade.php(237): Illuminate\\Container\\Container->offsetGet()
#15 /var/www/vhosts/captainellenbogen.com/crm.captainellenbogen.com/backend/vendor/laravel/framework/src/Illuminate/Support/Facades/Facade.php(208): Illuminate\\Support\\Facades\\Facade::resolveFacadeInstance()
#16 /var/www/vhosts/captainellenbogen.com/crm.captainellenbogen.com/backend/vendor/laravel/framework/src/Illuminate/Support/Facades/Facade.php(349): Illuminate\\Support\\Facades\\Facade::getFacadeRoot()
#17 /var/www/vhosts/captainellenbogen.com/crm.captainellenbogen.com/backend/app/Providers/AppServiceProvider.php(28): Illuminate\\Support\\Facades\\Facade::__callStatic()
#18 /var/www/vhosts/captainellenbogen.com/crm.captainellenbogen.com/backend/vendor/laravel/framework/src/Illuminate/Container/BoundMethod.php(36): App\\Providers\\AppServiceProvider->boot()
#19 /var/www/vhosts/captainellenbogen.com/crm.captainellenbogen.com/backend/vendor/laravel/framework/src/Illuminate/Container/Util.php(41): Illuminate\\Container\\BoundMethod::Illuminate\\Container\\{closure}()
#20 /var/www/vhosts/captainellenbogen.com/crm.captainellenbogen.com/backend/vendor/laravel/framework/src/Illuminate/Container/BoundMethod.php(93): Illuminate\\Container\\Util::unwrapIfClosure()
#21 /var/www/vhosts/captainellenbogen.com/crm.captainellenbogen.com/backend/vendor/laravel/framework/src/Illuminate/Container/BoundMethod.php(35): Illuminate\\Container\\BoundMethod::callBoundMethod()
#22 /var/www/vhosts/captainellenbogen.com/crm.captainellenbogen.com/backend/vendor/laravel/framework/src/Illuminate/Container/Container.php(662): Illuminate\\Container\\BoundMethod::call()
#23 /var/www/vhosts/captainellenbogen.com/crm.captainellenbogen.com/backend/vendor/laravel/framework/src/Illuminate/Foundation/Application.php(1059): Illuminate\\Container\\Container->call()
#24 /var/www/vhosts/captainellenbogen.com/crm.captainellenbogen.com/backend/vendor/laravel/framework/src/Illuminate/Foundation/Application.php(1040): Illuminate\\Foundation\\Application->bootProvider()
#25 [internal function]: Illuminate\\Foundation\\Application->Illuminate\\Foundation\\{closure}()
#26 /var/www/vhosts/captainellenbogen.com/crm.captainellenbogen.com/backend/vendor/laravel/framework/src/Illuminate/Foundation/Application.php(1039): array_walk()
#27 /var/www/vhosts/captainellenbogen.com/crm.captainellenbogen.com/backend/vendor/laravel/framework/src/Illuminate/Foundation/Bootstrap/BootProviders.php(17): Illuminate\\Foundation\\Application->boot()
#28 /var/www/vhosts/captainellenbogen.com/crm.captainellenbogen.com/backend/vendor/laravel/framework/src/Illuminate/Foundation/Application.php(286): Illuminate\\Foundation\\Bootstrap\\BootProviders->bootstrap()
#29 /var/www/vhosts/captainellenbogen.com/crm.captainellenbogen.com/backend/vendor/laravel/framework/src/Illuminate/Foundation/Console/Kernel.php(447): Illuminate\\Foundation\\Application->bootstrapWith()
#30 /var/www/vhosts/captainellenbogen.com/crm.captainellenbogen.com/backend/vendor/laravel/framework/src/Illuminate/Foundation/Console/Kernel.php(199): Illuminate\\Foundation\\Console\\Kernel->bootstrap()
#31 /var/www/vhosts/captainellenbogen.com/crm.captainellenbogen.com/backend/artisan(35): Illuminate\\Foundation\\Console\\Kernel->handle()
#32 {main}
"} 
[2025-11-04 03:23:30] laravel.EMERGENCY: Unable to create configured logger. Using emergency logger. {"exception":"[object] (InvalidArgumentException(code: 0): Log [] is not defined. at /var/www/vhosts/captainellenbogen.com/crm.captainellenbogen.com/backend/vendor/laravel/framework/src/Illuminate/Log/LogManager.php:212)
[stacktrace]
#0 /var/www/vhosts/captainellenbogen.com/crm.captainellenbogen.com/backend/vendor/laravel/framework/src/Illuminate/Log/LogManager.php(137): Illuminate\\Log\\LogManager->resolve()
#1 /var/www/vhosts/captainellenbogen.com/crm.captainellenbogen.com/backend/vendor/laravel/framework/src/Illuminate/Log/LogManager.php(124): Illuminate\\Log\\LogManager->get()
#2 /var/www/vhosts/captainellenbogen.com/crm.captainellenbogen.com/backend/vendor/laravel/framework/src/Illuminate/Log/LogManager.php(681): Illuminate\\Log\\LogManager->driver()
#3 /var/www/vhosts/captainellenbogen.com/crm.captainellenbogen.com/backend/vendor/laravel/framework/src/Illuminate/Foundation/Exceptions/Handler.php(317): Illuminate\\Log\\LogManager->error()
#4 /var/www/vhosts/captainellenbogen.com/crm.captainellenbogen.com/backend/vendor/laravel/framework/src/Illuminate/Foundation/Exceptions/Handler.php(278): Illuminate\\Foundation\\Exceptions\\Handler->reportThrowable()
#5 /var/www/vhosts/captainellenbogen.com/crm.captainellenbogen.com/backend/vendor/laravel/framework/src/Illuminate/Foundation/Console/Kernel.php(523): Illuminate\\Foundation\\Exceptions\\Handler->report()
#6 /var/www/vhosts/captainellenbogen.com/crm.captainellenbogen.com/backend/vendor/laravel/framework/src/Illuminate/Foundation/Console/Kernel.php(203): Illuminate\\Foundation\\Console\\Kernel->reportException()
#7 /var/www/vhosts/captainellenbogen.com/crm.captainellenbogen.com/backend/artisan(35): Illuminate\\Foundation\\Console\\Kernel->handle()
#8 {main}
"} 
[2025-11-04 03:23:30] laravel.ERROR: Method Illuminate\Foundation\Console\ClosureCommand::hourly does not exist. {"exception":"[object] (BadMethodCallException(code: 0): Method Illuminate\\Foundation\\Console\\ClosureCommand::hourly does not exist. at /var/www/vhosts/captainellenbogen.com/crm.captainellenbogen.com/backend/vendor/laravel/framework/src/Illuminate/Macroable/Traits/Macroable.php:112)
[stacktrace]
#0 /var/www/vhosts/captainellenbogen.com/crm.captainellenbogen.com/backend/routes/console.php(8): Illuminate\\Console\\Command->__call()
#1 /var/www/vhosts/captainellenbogen.com/crm.captainellenbogen.com/backend/app/Console/Kernel.php(25): require('...')
#2 /var/www/vhosts/captainellenbogen.com/crm.captainellenbogen.com/backend/vendor/laravel/framework/src/Illuminate/Foundation/Console/Kernel.php(453): App\\Console\\Kernel->commands()
#3 /var/www/vhosts/captainellenbogen.com/crm.captainellenbogen.com/backend/vendor/laravel/framework/src/Illuminate/Foundation/Console/Kernel.php(199): Illuminate\\Foundation\\Console\\Kernel->bootstrap()
#4 /var/www/vhosts/captainellenbogen.com/crm.captainellenbogen.com/backend/artisan(35): Illuminate\\Foundation\\Console\\Kernel->handle()
#5 {main}
"} 
[2025-11-04 03:39:44] laravel.EMERGENCY: Unable to create configured logger. Using emergency logger. {"exception":"[object] (InvalidArgumentException(code: 0): Log [] is not defined. at /var/www/vhosts/captainellenbogen.com/crm.captainellenbogen.com/backend/vendor/laravel/framework/src/Illuminate/Log/LogManager.php:212)
[stacktrace]
#0 /var/www/vhosts/captainellenbogen.com/crm.captainellenbogen.com/backend/vendor/laravel/framework/src/Illuminate/Log/LogManager.php(137): Illuminate\\Log\\LogManager->resolve()
#1 /var/www/vhosts/captainellenbogen.com/crm.captainellenbogen.com/backend/vendor/laravel/framework/src/Illuminate/Log/LogManager.php(124): Illuminate\\Log\\LogManager->get()
#2 /var/www/vhosts/captainellenbogen.com/crm.captainellenbogen.com/backend/vendor/laravel/framework/src/Illuminate/Log/LogManager.php(681): Illuminate\\Log\\LogManager->driver()
#3 /var/www/vhosts/captainellenbogen.com/crm.captainellenbogen.com/backend/vendor/laravel/framework/src/Illuminate/Foundation/Exceptions/Handler.php(317): Illuminate\\Log\\LogManager->error()
#4 /var/www/vhosts/captainellenbogen.com/crm.captainellenbogen.com/backend/vendor/laravel/framework/src/Illuminate/Foundation/Exceptions/Handler.php(278): Illuminate\\Foundation\\Exceptions\\Handler->reportThrowable()
#5 /var/www/vhosts/captainellenbogen.com/crm.captainellenbogen.com/backend/vendor/laravel/framework/src/Illuminate/Routing/Pipeline.php(49): Illuminate\\Foundation\\Exceptions\\Handler->report()
#6 /var/www/vhosts/captainellenbogen.com/crm.captainellenbogen.com/backend/vendor/laravel/framework/src/Illuminate/Pipeline/Pipeline.php(188): Illuminate\\Routing\\Pipeline->handleException()
#7 /var/www/vhosts/captainellenbogen.com/crm.captainellenbogen.com/backend/vendor/laravel/framework/src/Illuminate/Pipeline/Pipeline.php(119): Illuminate\\Pipeline\\Pipeline->Illuminate\\Pipeline\\{closure}()
#8 /var/www/vhosts/captainellenbogen.com/crm.captainellenbogen.com/backend/vendor/laravel/framework/src/Illuminate/Routing/Router.php(805): Illuminate\\Pipeline\\Pipeline->then()
#9 /var/www/vhosts/captainellenbogen.com/crm.captainellenbogen.com/backend/vendor/laravel/framework/src/Illuminate/Routing/Router.php(784): Illuminate\\Routing\\Router->runRouteWithinStack()
#10 /var/www/vhosts/captainellenbogen.com/crm.captainellenbogen.com/backend/vendor/laravel/framework/src/Illuminate/Routing/Router.php(748): Illuminate\\Routing\\Router->runRoute()
#11 /var/www/vhosts/captainellenbogen.com/crm.captainellenbogen.com/backend/vendor/laravel/framework/src/Illuminate/Routing/Router.php(737): Illuminate\\Routing\\Router->dispatchToRoute()
#12 /var/www/vhosts/captainellenbogen.com/crm.captainellenbogen.com/backend/vendor/laravel/framework/src/Illuminate/Foundation/Http/Kernel.php(200): Illuminate\\Routing\\Router->dispatch()
#13 /var/www/vhosts/captainellenbogen.com/crm.captainellenbogen.com/backend/vendor/laravel/framework/src/Illuminate/Pipeline/Pipeline.php(144): Illuminate\\Foundation\\Http\\Kernel->Illuminate\\Foundation\\Http\\{closure}()
#14 /var/www/vhosts/captainellenbogen.com/crm.captainellenbogen.com/backend/vendor/laravel/framework/src/Illuminate/Foundation/Http/Middleware/TransformsRequest.php(21): Illuminate\\Pipeline\\Pipeline->Illuminate\\Pipeline\\{closure}()
#15 /var/www/vhosts/captainellenbogen.com/crm.captainellenbogen.com/backend/vendor/laravel/framework/src/Illuminate/Foundation/Http/Middleware/ConvertEmptyStringsToNull.php(31): Illuminate\\Foundation\\Http\\Middleware\\TransformsRequest->handle()
#16 /var/www/vhosts/captainellenbogen.com/crm.captainellenbogen.com/backend/vendor/laravel/framework/src/Illuminate/Pipeline/Pipeline.php(183): Illuminate\\Foundation\\Http\\Middleware\\ConvertEmptyStringsToNull->handle()
#17 /var/www/vhosts/captainellenbogen.com/crm.captainellenbogen.com/backend/vendor/laravel/framework/src/Illuminate/Foundation/Http/Middleware/TransformsRequest.php(21): Illuminate\\Pipeline\\Pipeline->Illuminate\\Pipeline\\{closure}()
#18 /var/www/vhosts/captainellenbogen.com/crm.captainellenbogen.com/backend/vendor/laravel/framework/src/Illuminate/Foundation/Http/Middleware/TrimStrings.php(40): Illuminate\\Foundation\\Http\\Middleware\\TransformsRequest->handle()
#19 /var/www/vhosts/captainellenbogen.com/crm.captainellenbogen.com/backend/vendor/laravel/framework/src/Illuminate/Pipeline/Pipeline.php(183): Illuminate\\Foundation\\Http\\Middleware\\TrimStrings->handle()
#20 /var/www/vhosts/captainellenbogen.com/crm.captainellenbogen.com/backend/vendor/laravel/framework/src/Illuminate/Foundation/Http/Middleware/ValidatePostSize.php(27): Illuminate\\Pipeline\\Pipeline->Illuminate\\Pipeline\\{closure}()
#21 /var/www/vhosts/captainellenbogen.com/crm.captainellenbogen.com/backend/vendor/laravel/framework/src/Illuminate/Pipeline/Pipeline.php(183): Illuminate\\Foundation\\Http\\Middleware\\ValidatePostSize->handle()
#22 /var/www/vhosts/captainellenbogen.com/crm.captainellenbogen.com/backend/vendor/laravel/framework/src/Illuminate/Foundation/Http/Middleware/PreventRequestsDuringMaintenance.php(99): Illuminate\\Pipeline\\Pipeline->Illuminate\\Pipeline\\{closure}()
#23 /var/www/vhosts/captainellenbogen.com/crm.captainellenbogen.com/backend/vendor/laravel/framework/src/Illuminate/Pipeline/Pipeline.php(183): Illuminate\\Foundation\\Http\\Middleware\\PreventRequestsDuringMaintenance->handle()
#24 /var/www/vhosts/captainellenbogen.com/crm.captainellenbogen.com/backend/vendor/laravel/framework/src/Illuminate/Http/Middleware/HandleCors.php(49): Illuminate\\Pipeline\\Pipeline->Illuminate\\Pipeline\\{closure}()
#25 /var/www/vhosts/captainellenbogen.com/crm.captainellenbogen.com/backend/vendor/laravel/framework/src/Illuminate/Pipeline/Pipeline.php(183): Illuminate\\Http\\Middleware\\HandleCors->handle()
#26 /var/www/vhosts/captainellenbogen.com/crm.captainellenbogen.com/backend/vendor/laravel/framework/src/Illuminate/Http/Middleware/TrustProxies.php(39): Illuminate\\Pipeline\\Pipeline->Illuminate\\Pipeline\\{closure}()
#27 /var/www/vhosts/captainellenbogen.com/crm.captainellenbogen.com/backend/vendor/laravel/framework/src/Illuminate/Pipeline/Pipeline.php(183): Illuminate\\Http\\Middleware\\TrustProxies->handle()
#28 /var/www/vhosts/captainellenbogen.com/crm.captainellenbogen.com/backend/vendor/laravel/framework/src/Illuminate/Pipeline/Pipeline.php(119): Illuminate\\Pipeline\\Pipeline->Illuminate\\Pipeline\\{closure}()
#29 /var/www/vhosts/captainellenbogen.com/crm.captainellenbogen.com/backend/vendor/laravel/framework/src/Illuminate/Foundation/Http/Kernel.php(175): Illuminate\\Pipeline\\Pipeline->then()
#30 /var/www/vhosts/captainellenbogen.com/crm.captainellenbogen.com/backend/vendor/laravel/framework/src/Illuminate/Foundation/Http/Kernel.php(144): Illuminate\\Foundation\\Http\\Kernel->sendRequestThroughRouter()
#31 /var/www/vhosts/captainellenbogen.com/crm.captainellenbogen.com/backend/public/index.php(50): Illuminate\\Foundation\\Http\\Kernel->handle()
#32 {main}
"} 
[2025-11-04 03:39:44] laravel.ERROR: No application encryption key has been specified. {"exception":"[object] (Illuminate\\Encryption\\MissingAppKeyException(code: 0): No application encryption key has been specified. at /var/www/vhosts/captainellenbogen.com/crm.captainellenbogen.com/backend/vendor/laravel/framework/src/Illuminate/Encryption/EncryptionServiceProvider.php:79)
[stacktrace]
#0 /var/www/vhosts/captainellenbogen.com/crm.captainellenbogen.com/backend/vendor/laravel/framework/src/Illuminate/Support/helpers.php(320): Illuminate\\Encryption\\EncryptionServiceProvider->Illuminate\\Encryption\\{closure}()
#1 /var/www/vhosts/captainellenbogen.com/crm.captainellenbogen.com/backend/vendor/laravel/framework/src/Illuminate/Encryption/EncryptionServiceProvider.php(77): tap()
#2 /var/www/vhosts/captainellenbogen.com/crm.captainellenbogen.com/backend/vendor/laravel/framework/src/Illuminate/Encryption/EncryptionServiceProvider.php(60): Illuminate\\Encryption\\EncryptionServiceProvider->key()
#3 /var/www/vhosts/captainellenbogen.com/crm.captainellenbogen.com/backend/vendor/laravel/framework/src/Illuminate/Encryption/EncryptionServiceProvider.php(32): Illuminate\\Encryption\\EncryptionServiceProvider->parseKey()
#4 /var/www/vhosts/captainellenbogen.com/crm.captainellenbogen.com/backend/vendor/laravel/framework/src/Illuminate/Container/Container.php(908): Illuminate\\Encryption\\EncryptionServiceProvider->Illuminate\\Encryption\\{closure}()
#5 /var/www/vhosts/captainellenbogen.com/crm.captainellenbogen.com/backend/vendor/laravel/framework/src/Illuminate/Container/Container.php(795): Illuminate\\Container\\Container->build()
#6 /var/www/vhosts/captainellenbogen.com/crm.captainellenbogen.com/backend/vendor/laravel/framework/src/Illuminate/Foundation/Application.php(986): Illuminate\\Container\\Container->resolve()
#7 /var/www/vhosts/captainellenbogen.com/crm.captainellenbogen.com/backend/vendor/laravel/framework/src/Illuminate/Container/Container.php(731): Illuminate\\Foundation\\Application->resolve()
#8 /var/www/vhosts/captainellenbogen.com/crm.captainellenbogen.com/backend/vendor/laravel/framework/src/Illuminate/Foundation/Application.php(971): Illuminate\\Container\\Container->make()
#9 /var/www/vhosts/captainellenbogen.com/crm.captainellenbogen.com/backend/vendor/laravel/framework/src/Illuminate/Container/Container.php(1066): Illuminate\\Foundation\\Application->make()
#10 /var/www/vhosts/captainellenbogen.com/crm.captainellenbogen.com/backend/vendor/laravel/framework/src/Illuminate/Container/Container.php(982): Illuminate\\Container\\Container->resolveClass()
#11 /var/www/vhosts/captainellenbogen.com/crm.captainellenbogen.com/backend/vendor/laravel/framework/src/Illuminate/Container/Container.php(943): Illuminate\\Container\\Container->resolveDependencies()
#12 /var/www/vhosts/captainellenbogen.com/crm.captainellenbogen.com/backend/vendor/laravel/framework/src/Illuminate/Container/Container.php(795): Illuminate\\Container\\Container->build()
#13 /var/www/vhosts/captainellenbogen.com/crm.captainellenbogen.com/backend/vendor/laravel/framework/src/Illuminate/Foundation/Application.php(986): Illuminate\\Container\\Container->resolve()
#14 /var/www/vhosts/captainellenbogen.com/crm.captainellenbogen.com/backend/vendor/laravel/framework/src/Illuminate/Container/Container.php(731): Illuminate\\Foundation\\Application->resolve()
#15 /var/www/vhosts/captainellenbogen.com/crm.captainellenbogen.com/backend/vendor/laravel/framework/src/Illuminate/Foundation/Application.php(971): Illuminate\\Container\\Container->make()
#16 /var/www/vhosts/captainellenbogen.com/crm.captainellenbogen.com/backend/vendor/laravel/framework/src/Illuminate/Pipeline/Pipeline.php(172): Illuminate\\Foundation\\Application->make()
#17 /var/www/vhosts/captainellenbogen.com/crm.captainellenbogen.com/backend/vendor/laravel/framework/src/Illuminate/Pipeline/Pipeline.php(119): Illuminate\\Pipeline\\Pipeline->Illuminate\\Pipeline\\{closure}()
#18 /var/www/vhosts/captainellenbogen.com/crm.captainellenbogen.com/backend/vendor/laravel/framework/src/Illuminate/Routing/Router.php(805): Illuminate\\Pipeline\\Pipeline->then()
#19 /var/www/vhosts/captainellenbogen.com/crm.captainellenbogen.com/backend/vendor/laravel/framework/src/Illuminate/Routing/Router.php(784): Illuminate\\Routing\\Router->runRouteWithinStack()
#20 /var/www/vhosts/captainellenbogen.com/crm.captainellenbogen.com/backend/vendor/laravel/framework/src/Illuminate/Routing/Router.php(748): Illuminate\\Routing\\Router->runRoute()
#21 /var/www/vhosts/captainellenbogen.com/crm.captainellenbogen.com/backend/vendor/laravel/framework/src/Illuminate/Routing/Router.php(737): Illuminate\\Routing\\Router->dispatchToRoute()
#22 /var/www/vhosts/captainellenbogen.com/crm.captainellenbogen.com/backend/vendor/laravel/framework/src/Illuminate/Foundation/Http/Kernel.php(200): Illuminate\\Routing\\Router->dispatch()
#23 /var/www/vhosts/captainellenbogen.com/crm.captainellenbogen.com/backend/vendor/laravel/framework/src/Illuminate/Pipeline/Pipeline.php(144): Illuminate\\Foundation\\Http\\Kernel->Illuminate\\Foundation\\Http\\{closure}()
#24 /var/www/vhosts/captainellenbogen.com/crm.captainellenbogen.com/backend/vendor/laravel/framework/src/Illuminate/Foundation/Http/Middleware/TransformsRequest.php(21): Illuminate\\Pipeline\\Pipeline->Illuminate\\Pipeline\\{closure}()
#25 /var/www/vhosts/captainellenbogen.com/crm.captainellenbogen.com/backend/vendor/laravel/framework/src/Illuminate/Foundation/Http/Middleware/ConvertEmptyStringsToNull.php(31): Illuminate\\Foundation\\Http\\Middleware\\TransformsRequest->handle()
#26 /var/www/vhosts/captainellenbogen.com/crm.captainellenbogen.com/backend/vendor/laravel/framework/src/Illuminate/Pipeline/Pipeline.php(183): Illuminate\\Foundation\\Http\\Middleware\\ConvertEmptyStringsToNull->handle()
#27 /var/www/vhosts/captainellenbogen.com/crm.captainellenbogen.com/backend/vendor/laravel/framework/src/Illuminate/Foundation/Http/Middleware/TransformsRequest.php(21): Illuminate\\Pipeline\\Pipeline->Illuminate\\Pipeline\\{closure}()
#28 /var/www/vhosts/captainellenbogen.com/crm.captainellenbogen.com/backend/vendor/laravel/framework/src/Illuminate/Foundation/Http/Middleware/TrimStrings.php(40): Illuminate\\Foundation\\Http\\Middleware\\TransformsRequest->handle()
#29 /var/www/vhosts/captainellenbogen.com/crm.captainellenbogen.com/backend/vendor/laravel/framework/src/Illuminate/Pipeline/Pipeline.php(183): Illuminate\\Foundation\\Http\\Middleware\\TrimStrings->handle()
#30 /var/www/vhosts/captainellenbogen.com/crm.captainellenbogen.com/backend/vendor/laravel/framework/src/Illuminate/Foundation/Http/Middleware/ValidatePostSize.php(27): Illuminate\\Pipeline\\Pipeline->Illuminate\\Pipeline\\{closure}()
#31 /var/www/vhosts/captainellenbogen.com/crm.captainellenbogen.com/backend/vendor/laravel/framework/src/Illuminate/Pipeline/Pipeline.php(183): Illuminate\\Foundation\\Http\\Middleware\\ValidatePostSize->handle()
#32 /var/www/vhosts/captainellenbogen.com/crm.captainellenbogen.com/backend/vendor/laravel/framework/src/Illuminate/Foundation/Http/Middleware/PreventRequestsDuringMaintenance.php(99): Illuminate\\Pipeline\\Pipeline->Illuminate\\Pipeline\\{closure}()
#33 /var/www/vhosts/captainellenbogen.com/crm.captainellenbogen.com/backend/vendor/laravel/framework/src/Illuminate/Pipeline/Pipeline.php(183): Illuminate\\Foundation\\Http\\Middleware\\PreventRequestsDuringMaintenance->handle()
#34 /var/www/vhosts/captainellenbogen.com/crm.captainellenbogen.com/backend/vendor/laravel/framework/src/Illuminate/Http/Middleware/HandleCors.php(49): Illuminate\\Pipeline\\Pipeline->Illuminate\\Pipeline\\{closure}()
#35 /var/www/vhosts/captainellenbogen.com/crm.captainellenbogen.com/backend/vendor/laravel/framework/src/Illuminate/Pipeline/Pipeline.php(183): Illuminate\\Http\\Middleware\\HandleCors->handle()
#36 /var/www/vhosts/captainellenbogen.com/crm.captainellenbogen.com/backend/vendor/laravel/framework/src/Illuminate/Http/Middleware/TrustProxies.php(39): Illuminate\\Pipeline\\Pipeline->Illuminate\\Pipeline\\{closure}()
#37 /var/www/vhosts/captainellenbogen.com/crm.captainellenbogen.com/backend/vendor/laravel/framework/src/Illuminate/Pipeline/Pipeline.php(183): Illuminate\\Http\\Middleware\\TrustProxies->handle()
#38 /var/www/vhosts/captainellenbogen.com/crm.captainellenbogen.com/backend/vendor/laravel/framework/src/Illuminate/Pipeline/Pipeline.php(119): Illuminate\\Pipeline\\Pipeline->Illuminate\\Pipeline\\{closure}()
#39 /var/www/vhosts/captainellenbogen.com/crm.captainellenbogen.com/backend/vendor/laravel/framework/src/Illuminate/Foundation/Http/Kernel.php(175): Illuminate\\Pipeline\\Pipeline->then()
#40 /var/www/vhosts/captainellenbogen.com/crm.captainellenbogen.com/backend/vendor/laravel/framework/src/Illuminate/Foundation/Http/Kernel.php(144): Illuminate\\Foundation\\Http\\Kernel->sendRequestThroughRouter()
#41 /var/www/vhosts/captainellenbogen.com/crm.captainellenbogen.com/backend/public/index.php(50): Illuminate\\Foundation\\Http\\Kernel->handle()
#42 {main}
"} 
[2025-11-04 03:39:44] laravel.EMERGENCY: Unable to create configured logger. Using emergency logger. {"exception":"[object] (InvalidArgumentException(code: 0): Log [] is not defined. at /var/www/vhosts/captainellenbogen.com/crm.captainellenbogen.com/backend/vendor/laravel/framework/src/Illuminate/Log/LogManager.php:212)
[stacktrace]
#0 /var/www/vhosts/captainellenbogen.com/crm.captainellenbogen.com/backend/vendor/laravel/framework/src/Illuminate/Log/LogManager.php(137): Illuminate\\Log\\LogManager->resolve()
#1 /var/www/vhosts/captainellenbogen.com/crm.captainellenbogen.com/backend/vendor/laravel/framework/src/Illuminate/Log/LogManager.php(124): Illuminate\\Log\\LogManager->get()
#2 /var/www/vhosts/captainellenbogen.com/crm.captainellenbogen.com/backend/vendor/laravel/framework/src/Illuminate/Log/LogManager.php(681): Illuminate\\Log\\LogManager->driver()
#3 /var/www/vhosts/captainellenbogen.com/crm.captainellenbogen.com/backend/vendor/laravel/framework/src/Illuminate/Foundation/Exceptions/Handler.php(317): Illuminate\\Log\\LogManager->error()
#4 /var/www/vhosts/captainellenbogen.com/crm.captainellenbogen.com/backend/vendor/laravel/framework/src/Illuminate/Foundation/Exceptions/Handler.php(278): Illuminate\\Foundation\\Exceptions\\Handler->reportThrowable()
#5 /var/www/vhosts/captainellenbogen.com/crm.captainellenbogen.com/backend/vendor/laravel/framework/src/Illuminate/Foundation/Exceptions/Handler.php(730): Illuminate\\Foundation\\Exceptions\\Handler->report()
#6 /var/www/vhosts/captainellenbogen.com/crm.captainellenbogen.com/backend/vendor/laravel/framework/src/Illuminate/Foundation/Exceptions/Handler.php(650): Illuminate\\Foundation\\Exceptions\\Handler->renderHttpException()
#7 /var/www/vhosts/captainellenbogen.com/crm.captainellenbogen.com/backend/vendor/laravel/framework/src/Illuminate/Foundation/Exceptions/Handler.php(556): Illuminate\\Foundation\\Exceptions\\Handler->prepareResponse()
#8 /var/www/vhosts/captainellenbogen.com/crm.captainellenbogen.com/backend/vendor/laravel/framework/src/Illuminate/Foundation/Exceptions/Handler.php(473): Illuminate\\Foundation\\Exceptions\\Handler->renderExceptionResponse()
#9 /var/www/vhosts/captainellenbogen.com/crm.captainellenbogen.com/backend/vendor/laravel/framework/src/Illuminate/Routing/Pipeline.php(51): Illuminate\\Foundation\\Exceptions\\Handler->render()
#10 /var/www/vhosts/captainellenbogen.com/crm.captainellenbogen.com/backend/vendor/laravel/framework/src/Illuminate/Pipeline/Pipeline.php(188): Illuminate\\Routing\\Pipeline->handleException()
#11 /var/www/vhosts/captainellenbogen.com/crm.captainellenbogen.com/backend/vendor/laravel/framework/src/Illuminate/Pipeline/Pipeline.php(119): Illuminate\\Pipeline\\Pipeline->Illuminate\\Pipeline\\{closure}()
#12 /var/www/vhosts/captainellenbogen.com/crm.captainellenbogen.com/backend/vendor/laravel/framework/src/Illuminate/Routing/Router.php(805): Illuminate\\Pipeline\\Pipeline->then()
#13 /var/www/vhosts/captainellenbogen.com/crm.captainellenbogen.com/backend/vendor/laravel/framework/src/Illuminate/Routing/Router.php(784): Illuminate\\Routing\\Router->runRouteWithinStack()
#14 /var/www/vhosts/captainellenbogen.com/crm.captainellenbogen.com/backend/vendor/laravel/framework/src/Illuminate/Routing/Router.php(748): Illuminate\\Routing\\Router->runRoute()
#15 /var/www/vhosts/captainellenbogen.com/crm.captainellenbogen.com/backend/vendor/laravel/framework/src/Illuminate/Routing/Router.php(737): Illuminate\\Routing\\Router->dispatchToRoute()
#16 /var/www/vhosts/captainellenbogen.com/crm.captainellenbogen.com/backend/vendor/laravel/framework/src/Illuminate/Foundation/Http/Kernel.php(200): Illuminate\\Routing\\Router->dispatch()
#17 /var/www/vhosts/captainellenbogen.com/crm.captainellenbogen.com/backend/vendor/laravel/framework/src/Illuminate/Pipeline/Pipeline.php(144): Illuminate\\Foundation\\Http\\Kernel->Illuminate\\Foundation\\Http\\{closure}()
#18 /var/www/vhosts/captainellenbogen.com/crm.captainellenbogen.com/backend/vendor/laravel/framework/src/Illuminate/Foundation/Http/Middleware/TransformsRequest.php(21): Illuminate\\Pipeline\\Pipeline->Illuminate\\Pipeline\\{closure}()
#19 /var/www/vhosts/captainellenbogen.com/crm.captainellenbogen.com/backend/vendor/laravel/framework/src/Illuminate/Foundation/Http/Middleware/ConvertEmptyStringsToNull.php(31): Illuminate\\Foundation\\Http\\Middleware\\TransformsRequest->handle()
#20 /var/www/vhosts/captainellenbogen.com/crm.captainellenbogen.com/backend/vendor/laravel/framework/src/Illuminate/Pipeline/Pipeline.php(183): Illuminate\\Foundation\\Http\\Middleware\\ConvertEmptyStringsToNull->handle()
#21 /var/www/vhosts/captainellenbogen.com/crm.captainellenbogen.com/backend/vendor/laravel/framework/src/Illuminate/Foundation/Http/Middleware/TransformsRequest.php(21): Illuminate\\Pipeline\\Pipeline->Illuminate\\Pipeline\\{closure}()
#22 /var/www/vhosts/captainellenbogen.com/crm.captainellenbogen.com/backend/vendor/laravel/framework/src/Illuminate/Foundation/Http/Middleware/TrimStrings.php(40): Illuminate\\Foundation\\Http\\Middleware\\TransformsRequest->handle()
#23 /var/www/vhosts/captainellenbogen.com/crm.captainellenbogen.com/backend/vendor/laravel/framework/src/Illuminate/Pipeline/Pipeline.php(183): Illuminate\\Foundation\\Http\\Middleware\\TrimStrings->handle()
#24 /var/www/vhosts/captainellenbogen.com/crm.captainellenbogen.com/backend/vendor/laravel/framework/src/Illuminate/Foundation/Http/Middleware/ValidatePostSize.php(27): Illuminate\\Pipeline\\Pipeline->Illuminate\\Pipeline\\{closure}()
#25 /var/www/vhosts/captainellenbogen.com/crm.captainellenbogen.com/backend/vendor/laravel/framework/src/Illuminate/Pipeline/Pipeline.php(183): Illuminate\\Foundation\\Http\\Middleware\\ValidatePostSize->handle()
#26 /var/www/vhosts/captainellenbogen.com/crm.captainellenbogen.com/backend/vendor/laravel/framework/src/Illuminate/Foundation/Http/Middleware/PreventRequestsDuringMaintenance.php(99): Illuminate\\Pipeline\\Pipeline->Illuminate\\Pipeline\\{closure}()
#27 /var/www/vhosts/captainellenbogen.com/crm.captainellenbogen.com/backend/vendor/laravel/framework/src/Illuminate/Pipeline/Pipeline.php(183): Illuminate\\Foundation\\Http\\Middleware\\PreventRequestsDuringMaintenance->handle()
#28 /var/www/vhosts/captainellenbogen.com/crm.captainellenbogen.com/backend/vendor/laravel/framework/src/Illuminate/Http/Middleware/HandleCors.php(49): Illuminate\\Pipeline\\Pipeline->Illuminate\\Pipeline\\{closure}()
#29 /var/www/vhosts/captainellenbogen.com/crm.captainellenbogen.com/backend/vendor/laravel/framework/src/Illuminate/Pipeline/Pipeline.php(183): Illuminate\\Http\\Middleware\\HandleCors->handle()
#30 /var/www/vhosts/captainellenbogen.com/crm.captainellenbogen.com/backend/vendor/laravel/framework/src/Illuminate/Http/Middleware/TrustProxies.php(39): Illuminate\\Pipeline\\Pipeline->Illuminate\\Pipeline\\{closure}()
#31 /var/www/vhosts/captainellenbogen.com/crm.captainellenbogen.com/backend/vendor/laravel/framework/src/Illuminate/Pipeline/Pipeline.php(183): Illuminate\\Http\\Middleware\\TrustProxies->handle()
#32 /var/www/vhosts/captainellenbogen.com/crm.captainellenbogen.com/backend/vendor/laravel/framework/src/Illuminate/Pipeline/Pipeline.php(119): Illuminate\\Pipeline\\Pipeline->Illuminate\\Pipeline\\{closure}()
#33 /var/www/vhosts/captainellenbogen.com/crm.captainellenbogen.com/backend/vendor/laravel/framework/src/Illuminate/Foundation/Http/Kernel.php(175): Illuminate\\Pipeline\\Pipeline->then()
#34 /var/www/vhosts/captainellenbogen.com/crm.captainellenbogen.com/backend/vendor/laravel/framework/src/Illuminate/Foundation/Http/Kernel.php(144): Illuminate\\Foundation\\Http\\Kernel->sendRequestThroughRouter()
#35 /var/www/vhosts/captainellenbogen.com/crm.captainellenbogen.com/backend/public/index.php(50): Illuminate\\Foundation\\Http\\Kernel->handle()
#36 {main}
"} 
[2025-11-04 03:39:44] laravel.ERROR: Unable to resolve NULL driver for [Illuminate\Session\SessionManager]. {"exception":"[object] (InvalidArgumentException(code: 0): Unable to resolve NULL driver for [Illuminate\\Session\\SessionManager]. at /var/www/vhosts/captainellenbogen.com/crm.captainellenbogen.com/backend/vendor/laravel/framework/src/Illuminate/Support/Manager.php:71)
[stacktrace]
#0 /var/www/vhosts/captainellenbogen.com/crm.captainellenbogen.com/backend/vendor/laravel/framework/src/Illuminate/Session/SessionServiceProvider.php(52): Illuminate\\Support\\Manager->driver()
#1 /var/www/vhosts/captainellenbogen.com/crm.captainellenbogen.com/backend/vendor/laravel/framework/src/Illuminate/Container/Container.php(908): Illuminate\\Session\\SessionServiceProvider->Illuminate\\Session\\{closure}()
#2 /var/www/vhosts/captainellenbogen.com/crm.captainellenbogen.com/backend/vendor/laravel/framework/src/Illuminate/Container/Container.php(795): Illuminate\\Container\\Container->build()
#3 /var/www/vhosts/captainellenbogen.com/crm.captainellenbogen.com/backend/vendor/laravel/framework/src/Illuminate/Foundation/Application.php(986): Illuminate\\Container\\Container->resolve()
#4 /var/www/vhosts/captainellenbogen.com/crm.captainellenbogen.com/backend/vendor/laravel/framework/src/Illuminate/Container/Container.php(731): Illuminate\\Foundation\\Application->resolve()
#5 /var/www/vhosts/captainellenbogen.com/crm.captainellenbogen.com/backend/vendor/laravel/framework/src/Illuminate/Foundation/Application.php(971): Illuminate\\Container\\Container->make()
#6 /var/www/vhosts/captainellenbogen.com/crm.captainellenbogen.com/backend/vendor/laravel/framework/src/Illuminate/Container/Container.php(1454): Illuminate\\Foundation\\Application->make()
#7 /var/www/vhosts/captainellenbogen.com/crm.captainellenbogen.com/backend/vendor/laravel/framework/src/Illuminate/Routing/RoutingServiceProvider.php(120): Illuminate\\Container\\Container->offsetGet()
#8 /var/www/vhosts/captainellenbogen.com/crm.captainellenbogen.com/backend/vendor/laravel/framework/src/Illuminate/Container/Container.php(908): Illuminate\\Routing\\RoutingServiceProvider->Illuminate\\Routing\\{closure}()
#9 /var/www/vhosts/captainellenbogen.com/crm.captainellenbogen.com/backend/vendor/laravel/framework/src/Illuminate/Container/Container.php(795): Illuminate\\Container\\Container->build()
#10 /var/www/vhosts/captainellenbogen.com/crm.captainellenbogen.com/backend/vendor/laravel/framework/src/Illuminate/Foundation/Application.php(986): Illuminate\\Container\\Container->resolve()
#11 /var/www/vhosts/captainellenbogen.com/crm.captainellenbogen.com/backend/vendor/laravel/framework/src/Illuminate/Container/Container.php(731): Illuminate\\Foundation\\Application->resolve()
#12 /var/www/vhosts/captainellenbogen.com/crm.captainellenbogen.com/backend/vendor/laravel/framework/src/Illuminate/Foundation/Application.php(971): Illuminate\\Container\\Container->make()
#13 /var/www/vhosts/captainellenbogen.com/crm.captainellenbogen.com/backend/vendor/laravel/framework/src/Illuminate/Container/Container.php(1454): Illuminate\\Foundation\\Application->make()
#14 /var/www/vhosts/captainellenbogen.com/crm.captainellenbogen.com/backend/vendor/laravel/framework/src/Illuminate/Routing/RoutingServiceProvider.php(182): Illuminate\\Container\\Container->offsetGet()
#15 /var/www/vhosts/captainellenbogen.com/crm.captainellenbogen.com/backend/vendor/laravel/framework/src/Illuminate/Container/Container.php(908): Illuminate\\Routing\\RoutingServiceProvider->Illuminate\\Routing\\{closure}()
#16 /var/www/vhosts/captainellenbogen.com/crm.captainellenbogen.com/backend/vendor/laravel/framework/src/Illuminate/Container/Container.php(795): Illuminate\\Container\\Container->build()
#17 /var/www/vhosts/captainellenbogen.com/crm.captainellenbogen.com/backend/vendor/laravel/framework/src/Illuminate/Foundation/Application.php(986): Illuminate\\Container\\Container->resolve()
#18 /var/www/vhosts/captainellenbogen.com/crm.captainellenbogen.com/backend/vendor/laravel/framework/src/Illuminate/Container/Container.php(731): Illuminate\\Foundation\\Application->resolve()
#19 /var/www/vhosts/captainellenbogen.com/crm.captainellenbogen.com/backend/vendor/laravel/framework/src/Illuminate/Foundation/Application.php(971): Illuminate\\Container\\Container->make()
#20 /var/www/vhosts/captainellenbogen.com/crm.captainellenbogen.com/backend/vendor/laravel/framework/src/Illuminate/Foundation/helpers.php(120): Illuminate\\Foundation\\Application->make()
#21 /var/www/vhosts/captainellenbogen.com/crm.captainellenbogen.com/backend/vendor/laravel/framework/src/Illuminate/Foundation/helpers.php(790): app()
#22 /var/www/vhosts/captainellenbogen.com/crm.captainellenbogen.com/backend/vendor/laravel/framework/src/Illuminate/Foundation/Exceptions/Handler.php(723): response()
#23 /var/www/vhosts/captainellenbogen.com/crm.captainellenbogen.com/backend/vendor/laravel/framework/src/Illuminate/Foundation/Exceptions/Handler.php(650): Illuminate\\Foundation\\Exceptions\\Handler->renderHttpException()
#24 /var/www/vhosts/captainellenbogen.com/crm.captainellenbogen.com/backend/vendor/laravel/framework/src/Illuminate/Foundation/Exceptions/Handler.php(556): Illuminate\\Foundation\\Exceptions\\Handler->prepareResponse()
#25 /var/www/vhosts/captainellenbogen.com/crm.captainellenbogen.com/backend/vendor/laravel/framework/src/Illuminate/Foundation/Exceptions/Handler.php(473): Illuminate\\Foundation\\Exceptions\\Handler->renderExceptionResponse()
#26 /var/www/vhosts/captainellenbogen.com/crm.captainellenbogen.com/backend/vendor/laravel/framework/src/Illuminate/Routing/Pipeline.php(51): Illuminate\\Foundation\\Exceptions\\Handler->render()
#27 /var/www/vhosts/captainellenbogen.com/crm.captainellenbogen.com/backend/vendor/laravel/framework/src/Illuminate/Pipeline/Pipeline.php(188): Illuminate\\Routing\\Pipeline->handleException()
#28 /var/www/vhosts/captainellenbogen.com/crm.captainellenbogen.com/backend/vendor/laravel/framework/src/Illuminate/Pipeline/Pipeline.php(119): Illuminate\\Pipeline\\Pipeline->Illuminate\\Pipeline\\{closure}()
#29 /var/www/vhosts/captainellenbogen.com/crm.captainellenbogen.com/backend/vendor/laravel/framework/src/Illuminate/Routing/Router.php(805): Illuminate\\Pipeline\\Pipeline->then()
#30 /var/www/vhosts/captainellenbogen.com/crm.captainellenbogen.com/backend/vendor/laravel/framework/src/Illuminate/Routing/Router.php(784): Illuminate\\Routing\\Router->runRouteWithinStack()
#31 /var/www/vhosts/captainellenbogen.com/crm.captainellenbogen.com/backend/vendor/laravel/framework/src/Illuminate/Routing/Router.php(748): Illuminate\\Routing\\Router->runRoute()
#32 /var/www/vhosts/captainellenbogen.com/crm.captainellenbogen.com/backend/vendor/laravel/framework/src/Illuminate/Routing/Router.php(737): Illuminate\\Routing\\Router->dispatchToRoute()
#33 /var/www/vhosts/captainellenbogen.com/crm.captainellenbogen.com/backend/vendor/laravel/framework/src/Illuminate/Foundation/Http/Kernel.php(200): Illuminate\\Routing\\Router->dispatch()
#34 /var/www/vhosts/captainellenbogen.com/crm.captainellenbogen.com/backend/vendor/laravel/framework/src/Illuminate/Pipeline/Pipeline.php(144): Illuminate\\Foundation\\Http\\Kernel->Illuminate\\Foundation\\Http\\{closure}()
#35 /var/www/vhosts/captainellenbogen.com/crm.captainellenbogen.com/backend/vendor/laravel/framework/src/Illuminate/Foundation/Http/Middleware/TransformsRequest.php(21): Illuminate\\Pipeline\\Pipeline->Illuminate\\Pipeline\\{closure}()
#36 /var/www/vhosts/captainellenbogen.com/crm.captainellenbogen.com/backend/vendor/laravel/framework/src/Illuminate/Foundation/Http/Middleware/ConvertEmptyStringsToNull.php(31): Illuminate\\Foundation\\Http\\Middleware\\TransformsRequest->handle()
#37 /var/www/vhosts/captainellenbogen.com/crm.captainellenbogen.com/backend/vendor/laravel/framework/src/Illuminate/Pipeline/Pipeline.php(183): Illuminate\\Foundation\\Http\\Middleware\\ConvertEmptyStringsToNull->handle()
#38 /var/www/vhosts/captainellenbogen.com/crm.captainellenbogen.com/backend/vendor/laravel/framework/src/Illuminate/Foundation/Http/Middleware/TransformsRequest.php(21): Illuminate\\Pipeline\\Pipeline->Illuminate\\Pipeline\\{closure}()
#39 /var/www/vhosts/captainellenbogen.com/crm.captainellenbogen.com/backend/vendor/laravel/framework/src/Illuminate/Foundation/Http/Middleware/TrimStrings.php(40): Illuminate\\Foundation\\Http\\Middleware\\TransformsRequest->handle()
#40 /var/www/vhosts/captainellenbogen.com/crm.captainellenbogen.com/backend/vendor/laravel/framework/src/Illuminate/Pipeline/Pipeline.php(183): Illuminate\\Foundation\\Http\\Middleware\\TrimStrings->handle()
#41 /var/www/vhosts/captainellenbogen.com/crm.captainellenbogen.com/backend/vendor/laravel/framework/src/Illuminate/Foundation/Http/Middleware/ValidatePostSize.php(27): Illuminate\\Pipeline\\Pipeline->Illuminate\\Pipeline\\{closure}()
#42 /var/www/vhosts/captainellenbogen.com/crm.captainellenbogen.com/backend/vendor/laravel/framework/src/Illuminate/Pipeline/Pipeline.php(183): Illuminate\\Foundation\\Http\\Middleware\\ValidatePostSize->handle()
#43 /var/www/vhosts/captainellenbogen.com/crm.captainellenbogen.com/backend/vendor/laravel/framework/src/Illuminate/Foundation/Http/Middleware/PreventRequestsDuringMaintenance.php(99): Illuminate\\Pipeline\\Pipeline->Illuminate\\Pipeline\\{closure}()
#44 /var/www/vhosts/captainellenbogen.com/crm.captainellenbogen.com/backend/vendor/laravel/framework/src/Illuminate/Pipeline/Pipeline.php(183): Illuminate\\Foundation\\Http\\Middleware\\PreventRequestsDuringMaintenance->handle()
#45 /var/www/vhosts/captainellenbogen.com/crm.captainellenbogen.com/backend/vendor/laravel/framework/src/Illuminate/Http/Middleware/HandleCors.php(49): Illuminate\\Pipeline\\Pipeline->Illuminate\\Pipeline\\{closure}()
#46 /var/www/vhosts/captainellenbogen.com/crm.captainellenbogen.com/backend/vendor/laravel/framework/src/Illuminate/Pipeline/Pipeline.php(183): Illuminate\\Http\\Middleware\\HandleCors->handle()
#47 /var/www/vhosts/captainellenbogen.com/crm.captainellenbogen.com/backend/vendor/laravel/framework/src/Illuminate/Http/Middleware/TrustProxies.php(39): Illuminate\\Pipeline\\Pipeline->Illuminate\\Pipeline\\{closure}()
#48 /var/www/vhosts/captainellenbogen.com/crm.captainellenbogen.com/backend/vendor/laravel/framework/src/Illuminate/Pipeline/Pipeline.php(183): Illuminate\\Http\\Middleware\\TrustProxies->handle()
#49 /var/www/vhosts/captainellenbogen.com/crm.captainellenbogen.com/backend/vendor/laravel/framework/src/Illuminate/Pipeline/Pipeline.php(119): Illuminate\\Pipeline\\Pipeline->Illuminate\\Pipeline\\{closure}()
#50 /var/www/vhosts/captainellenbogen.com/crm.captainellenbogen.com/backend/vendor/laravel/framework/src/Illuminate/Foundation/Http/Kernel.php(175): Illuminate\\Pipeline\\Pipeline->then()
#51 /var/www/vhosts/captainellenbogen.com/crm.captainellenbogen.com/backend/vendor/laravel/framework/src/Illuminate/Foundation/Http/Kernel.php(144): Illuminate\\Foundation\\Http\\Kernel->sendRequestThroughRouter()
#52 /var/www/vhosts/captainellenbogen.com/crm.captainellenbogen.com/backend/public/index.php(50): Illuminate\\Foundation\\Http\\Kernel->handle()
#53 {main}
"} 
[2025-11-04 03:39:44] laravel.EMERGENCY: Unable to create configured logger. Using emergency logger. {"exception":"[object] (InvalidArgumentException(code: 0): Log [] is not defined. at /var/www/vhosts/captainellenbogen.com/crm.captainellenbogen.com/backend/vendor/laravel/framework/src/Illuminate/Log/LogManager.php:212)
[stacktrace]
#0 /var/www/vhosts/captainellenbogen.com/crm.captainellenbogen.com/backend/vendor/laravel/framework/src/Illuminate/Log/LogManager.php(137): Illuminate\\Log\\LogManager->resolve()
#1 /var/www/vhosts/captainellenbogen.com/crm.captainellenbogen.com/backend/vendor/laravel/framework/src/Illuminate/Log/LogManager.php(124): Illuminate\\Log\\LogManager->get()
#2 /var/www/vhosts/captainellenbogen.com/crm.captainellenbogen.com/backend/vendor/laravel/framework/src/Illuminate/Log/LogManager.php(681): Illuminate\\Log\\LogManager->driver()
#3 /var/www/vhosts/captainellenbogen.com/crm.captainellenbogen.com/backend/vendor/laravel/framework/src/Illuminate/Foundation/Exceptions/Handler.php(317): Illuminate\\Log\\LogManager->error()
#4 /var/www/vhosts/captainellenbogen.com/crm.captainellenbogen.com/backend/vendor/laravel/framework/src/Illuminate/Foundation/Exceptions/Handler.php(278): Illuminate\\Foundation\\Exceptions\\Handler->reportThrowable()
#5 /var/www/vhosts/captainellenbogen.com/crm.captainellenbogen.com/backend/vendor/laravel/framework/src/Illuminate/Foundation/Bootstrap/HandleExceptions.php(183): Illuminate\\Foundation\\Exceptions\\Handler->report()
#6 /var/www/vhosts/captainellenbogen.com/crm.captainellenbogen.com/backend/vendor/laravel/framework/src/Illuminate/Foundation/Bootstrap/HandleExceptions.php(255): Illuminate\\Foundation\\Bootstrap\\HandleExceptions->handleException()
#7 [internal function]: Illuminate\\Foundation\\Bootstrap\\HandleExceptions->Illuminate\\Foundation\\Bootstrap\\{closure}()
#8 {main}
"} 
[2025-11-04 03:39:44] laravel.ERROR: No application encryption key has been specified. {"exception":"[object] (Illuminate\\Encryption\\MissingAppKeyException(code: 0): No application encryption key has been specified. at /var/www/vhosts/captainellenbogen.com/crm.captainellenbogen.com/backend/vendor/laravel/framework/src/Illuminate/Encryption/EncryptionServiceProvider.php:79)
[stacktrace]
#0 /var/www/vhosts/captainellenbogen.com/crm.captainellenbogen.com/backend/vendor/laravel/framework/src/Illuminate/Support/helpers.php(320): Illuminate\\Encryption\\EncryptionServiceProvider->Illuminate\\Encryption\\{closure}()
#1 /var/www/vhosts/captainellenbogen.com/crm.captainellenbogen.com/backend/vendor/laravel/framework/src/Illuminate/Encryption/EncryptionServiceProvider.php(77): tap()
#2 /var/www/vhosts/captainellenbogen.com/crm.captainellenbogen.com/backend/vendor/laravel/framework/src/Illuminate/Encryption/EncryptionServiceProvider.php(60): Illuminate\\Encryption\\EncryptionServiceProvider->key()
#3 /var/www/vhosts/captainellenbogen.com/crm.captainellenbogen.com/backend/vendor/laravel/framework/src/Illuminate/Encryption/EncryptionServiceProvider.php(32): Illuminate\\Encryption\\EncryptionServiceProvider->parseKey()
#4 /var/www/vhosts/captainellenbogen.com/crm.captainellenbogen.com/backend/vendor/laravel/framework/src/Illuminate/Container/Container.php(908): Illuminate\\Encryption\\EncryptionServiceProvider->Illuminate\\Encryption\\{closure}()
#5 /var/www/vhosts/captainellenbogen.com/crm.captainellenbogen.com/backend/vendor/laravel/framework/src/Illuminate/Container/Container.php(795): Illuminate\\Container\\Container->build()
#6 /var/www/vhosts/captainellenbogen.com/crm.captainellenbogen.com/backend/vendor/laravel/framework/src/Illuminate/Foundation/Application.php(986): Illuminate\\Container\\Container->resolve()
#7 /var/www/vhosts/captainellenbogen.com/crm.captainellenbogen.com/backend/vendor/laravel/framework/src/Illuminate/Container/Container.php(731): Illuminate\\Foundation\\Application->resolve()
#8 /var/www/vhosts/captainellenbogen.com/crm.captainellenbogen.com/backend/vendor/laravel/framework/src/Illuminate/Foundation/Application.php(971): Illuminate\\Container\\Container->make()
#9 /var/www/vhosts/captainellenbogen.com/crm.captainellenbogen.com/backend/vendor/laravel/framework/src/Illuminate/Container/Container.php(1066): Illuminate\\Foundation\\Application->make()
#10 /var/www/vhosts/captainellenbogen.com/crm.captainellenbogen.com/backend/vendor/laravel/framework/src/Illuminate/Container/Container.php(982): Illuminate\\Container\\Container->resolveClass()
#11 /var/www/vhosts/captainellenbogen.com/crm.captainellenbogen.com/backend/vendor/laravel/framework/src/Illuminate/Container/Container.php(943): Illuminate\\Container\\Container->resolveDependencies()
#12 /var/www/vhosts/captainellenbogen.com/crm.captainellenbogen.com/backend/vendor/laravel/framework/src/Illuminate/Container/Container.php(795): Illuminate\\Container\\Container->build()
#13 /var/www/vhosts/captainellenbogen.com/crm.captainellenbogen.com/backend/vendor/laravel/framework/src/Illuminate/Foundation/Application.php(986): Illuminate\\Container\\Container->resolve()
#14 /var/www/vhosts/captainellenbogen.com/crm.captainellenbogen.com/backend/vendor/laravel/framework/src/Illuminate/Container/Container.php(731): Illuminate\\Foundation\\Application->resolve()
#15 /var/www/vhosts/captainellenbogen.com/crm.captainellenbogen.com/backend/vendor/laravel/framework/src/Illuminate/Foundation/Application.php(971): Illuminate\\Container\\Container->make()
#16 /var/www/vhosts/captainellenbogen.com/crm.captainellenbogen.com/backend/vendor/laravel/framework/src/Illuminate/Foundation/Http/Kernel.php(255): Illuminate\\Foundation\\Application->make()
#17 /var/www/vhosts/captainellenbogen.com/crm.captainellenbogen.com/backend/vendor/laravel/framework/src/Illuminate/Foundation/Http/Kernel.php(213): Illuminate\\Foundation\\Http\\Kernel->terminateMiddleware()
#18 /var/www/vhosts/captainellenbogen.com/crm.captainellenbogen.com/backend/public/index.php(54): Illuminate\\Foundation\\Http\\Kernel->terminate()
#19 {main}
"} 
[2025-11-04 03:39:44] laravel.EMERGENCY: Unable to create configured logger. Using emergency logger. {"exception":"[object] (InvalidArgumentException(code: 0): Log [] is not defined. at /var/www/vhosts/captainellenbogen.com/crm.captainellenbogen.com/backend/vendor/laravel/framework/src/Illuminate/Log/LogManager.php:212)
[stacktrace]
#0 /var/www/vhosts/captainellenbogen.com/crm.captainellenbogen.com/backend/vendor/laravel/framework/src/Illuminate/Log/LogManager.php(137): Illuminate\\Log\\LogManager->resolve()
#1 /var/www/vhosts/captainellenbogen.com/crm.captainellenbogen.com/backend/vendor/laravel/framework/src/Illuminate/Log/LogManager.php(124): Illuminate\\Log\\LogManager->get()
#2 /var/www/vhosts/captainellenbogen.com/crm.captainellenbogen.com/backend/vendor/laravel/framework/src/Illuminate/Log/LogManager.php(681): Illuminate\\Log\\LogManager->driver()
#3 /var/www/vhosts/captainellenbogen.com/crm.captainellenbogen.com/backend/vendor/laravel/framework/src/Illuminate/Foundation/Exceptions/Handler.php(317): Illuminate\\Log\\LogManager->error()
#4 /var/www/vhosts/captainellenbogen.com/crm.captainellenbogen.com/backend/vendor/laravel/framework/src/Illuminate/Foundation/Exceptions/Handler.php(278): Illuminate\\Foundation\\Exceptions\\Handler->reportThrowable()
#5 /var/www/vhosts/captainellenbogen.com/crm.captainellenbogen.com/backend/vendor/laravel/framework/src/Illuminate/Foundation/Exceptions/Handler.php(730): Illuminate\\Foundation\\Exceptions\\Handler->report()
#6 /var/www/vhosts/captainellenbogen.com/crm.captainellenbogen.com/backend/vendor/laravel/framework/src/Illuminate/Foundation/Exceptions/Handler.php(650): Illuminate\\Foundation\\Exceptions\\Handler->renderHttpException()
#7 /var/www/vhosts/captainellenbogen.com/crm.captainellenbogen.com/backend/vendor/laravel/framework/src/Illuminate/Foundation/Exceptions/Handler.php(556): Illuminate\\Foundation\\Exceptions\\Handler->prepareResponse()
#8 /var/www/vhosts/captainellenbogen.com/crm.captainellenbogen.com/backend/vendor/laravel/framework/src/Illuminate/Foundation/Exceptions/Handler.php(473): Illuminate\\Foundation\\Exceptions\\Handler->renderExceptionResponse()
#9 /var/www/vhosts/captainellenbogen.com/crm.captainellenbogen.com/backend/vendor/laravel/framework/src/Illuminate/Foundation/Bootstrap/HandleExceptions.php(218): Illuminate\\Foundation\\Exceptions\\Handler->render()
#10 /var/www/vhosts/captainellenbogen.com/crm.captainellenbogen.com/backend/vendor/laravel/framework/src/Illuminate/Foundation/Bootstrap/HandleExceptions.php(195): Illuminate\\Foundation\\Bootstrap\\HandleExceptions->renderHttpResponse()
#11 /var/www/vhosts/captainellenbogen.com/crm.captainellenbogen.com/backend/vendor/laravel/framework/src/Illuminate/Foundation/Bootstrap/HandleExceptions.php(255): Illuminate\\Foundation\\Bootstrap\\HandleExceptions->handleException()
#12 [internal function]: Illuminate\\Foundation\\Bootstrap\\HandleExceptions->Illuminate\\Foundation\\Bootstrap\\{closure}()
#13 {main}
"} 
[2025-11-04 03:39:44] laravel.ERROR: Unable to resolve NULL driver for [Illuminate\Session\SessionManager]. {"exception":"[object] (InvalidArgumentException(code: 0): Unable to resolve NULL driver for [Illuminate\\Session\\SessionManager]. at /var/www/vhosts/captainellenbogen.com/crm.captainellenbogen.com/backend/vendor/laravel/framework/src/Illuminate/Support/Manager.php:71)
[stacktrace]
#0 /var/www/vhosts/captainellenbogen.com/crm.captainellenbogen.com/backend/vendor/laravel/framework/src/Illuminate/Session/SessionServiceProvider.php(52): Illuminate\\Support\\Manager->driver()
#1 /var/www/vhosts/captainellenbogen.com/crm.captainellenbogen.com/backend/vendor/laravel/framework/src/Illuminate/Container/Container.php(908): Illuminate\\Session\\SessionServiceProvider->Illuminate\\Session\\{closure}()
#2 /var/www/vhosts/captainellenbogen.com/crm.captainellenbogen.com/backend/vendor/laravel/framework/src/Illuminate/Container/Container.php(795): Illuminate\\Container\\Container->build()
#3 /var/www/vhosts/captainellenbogen.com/crm.captainellenbogen.com/backend/vendor/laravel/framework/src/Illuminate/Foundation/Application.php(986): Illuminate\\Container\\Container->resolve()
#4 /var/www/vhosts/captainellenbogen.com/crm.captainellenbogen.com/backend/vendor/laravel/framework/src/Illuminate/Container/Container.php(731): Illuminate\\Foundation\\Application->resolve()
#5 /var/www/vhosts/captainellenbogen.com/crm.captainellenbogen.com/backend/vendor/laravel/framework/src/Illuminate/Foundation/Application.php(971): Illuminate\\Container\\Container->make()
#6 /var/www/vhosts/captainellenbogen.com/crm.captainellenbogen.com/backend/vendor/laravel/framework/src/Illuminate/Container/Container.php(1454): Illuminate\\Foundation\\Application->make()
#7 /var/www/vhosts/captainellenbogen.com/crm.captainellenbogen.com/backend/vendor/laravel/framework/src/Illuminate/Routing/RoutingServiceProvider.php(120): Illuminate\\Container\\Container->offsetGet()
#8 /var/www/vhosts/captainellenbogen.com/crm.captainellenbogen.com/backend/vendor/laravel/framework/src/Illuminate/Container/Container.php(908): Illuminate\\Routing\\RoutingServiceProvider->Illuminate\\Routing\\{closure}()
#9 /var/www/vhosts/captainellenbogen.com/crm.captainellenbogen.com/backend/vendor/laravel/framework/src/Illuminate/Container/Container.php(795): Illuminate\\Container\\Container->build()
#10 /var/www/vhosts/captainellenbogen.com/crm.captainellenbogen.com/backend/vendor/laravel/framework/src/Illuminate/Foundation/Application.php(986): Illuminate\\Container\\Container->resolve()
#11 /var/www/vhosts/captainellenbogen.com/crm.captainellenbogen.com/backend/vendor/laravel/framework/src/Illuminate/Container/Container.php(731): Illuminate\\Foundation\\Application->resolve()
#12 /var/www/vhosts/captainellenbogen.com/crm.captainellenbogen.com/backend/vendor/laravel/framework/src/Illuminate/Foundation/Application.php(971): Illuminate\\Container\\Container->make()
#13 /var/www/vhosts/captainellenbogen.com/crm.captainellenbogen.com/backend/vendor/laravel/framework/src/Illuminate/Container/Container.php(1454): Illuminate\\Foundation\\Application->make()
#14 /var/www/vhosts/captainellenbogen.com/crm.captainellenbogen.com/backend/vendor/laravel/framework/src/Illuminate/Routing/RoutingServiceProvider.php(182): Illuminate\\Container\\Container->offsetGet()
#15 /var/www/vhosts/captainellenbogen.com/crm.captainellenbogen.com/backend/vendor/laravel/framework/src/Illuminate/Container/Container.php(908): Illuminate\\Routing\\RoutingServiceProvider->Illuminate\\Routing\\{closure}()
#16 /var/www/vhosts/captainellenbogen.com/crm.captainellenbogen.com/backend/vendor/laravel/framework/src/Illuminate/Container/Container.php(795): Illuminate\\Container\\Container->build()
#17 /var/www/vhosts/captainellenbogen.com/crm.captainellenbogen.com/backend/vendor/laravel/framework/src/Illuminate/Foundation/Application.php(986): Illuminate\\Container\\Container->resolve()
#18 /var/www/vhosts/captainellenbogen.com/crm.captainellenbogen.com/backend/vendor/laravel/framework/src/Illuminate/Container/Container.php(731): Illuminate\\Foundation\\Application->resolve()
#19 /var/www/vhosts/captainellenbogen.com/crm.captainellenbogen.com/backend/vendor/laravel/framework/src/Illuminate/Foundation/Application.php(971): Illuminate\\Container\\Container->make()
#20 /var/www/vhosts/captainellenbogen.com/crm.captainellenbogen.com/backend/vendor/laravel/framework/src/Illuminate/Foundation/helpers.php(120): Illuminate\\Foundation\\Application->make()
#21 /var/www/vhosts/captainellenbogen.com/crm.captainellenbogen.com/backend/vendor/laravel/framework/src/Illuminate/Foundation/helpers.php(790): app()
#22 /var/www/vhosts/captainellenbogen.com/crm.captainellenbogen.com/backend/vendor/laravel/framework/src/Illuminate/Foundation/Exceptions/Handler.php(723): response()
#23 /var/www/vhosts/captainellenbogen.com/crm.captainellenbogen.com/backend/vendor/laravel/framework/src/Illuminate/Foundation/Exceptions/Handler.php(650): Illuminate\\Foundation\\Exceptions\\Handler->renderHttpException()
#24 /var/www/vhosts/captainellenbogen.com/crm.captainellenbogen.com/backend/vendor/laravel/framework/src/Illuminate/Foundation/Exceptions/Handler.php(556): Illuminate\\Foundation\\Exceptions\\Handler->prepareResponse()
#25 /var/www/vhosts/captainellenbogen.com/crm.captainellenbogen.com/backend/vendor/laravel/framework/src/Illuminate/Foundation/Exceptions/Handler.php(473): Illuminate\\Foundation\\Exceptions\\Handler->renderExceptionResponse()
#26 /var/www/vhosts/captainellenbogen.com/crm.captainellenbogen.com/backend/vendor/laravel/framework/src/Illuminate/Foundation/Bootstrap/HandleExceptions.php(218): Illuminate\\Foundation\\Exceptions\\Handler->render()
#27 /var/www/vhosts/captainellenbogen.com/crm.captainellenbogen.com/backend/vendor/laravel/framework/src/Illuminate/Foundation/Bootstrap/HandleExceptions.php(195): Illuminate\\Foundation\\Bootstrap\\HandleExceptions->renderHttpResponse()
#28 /var/www/vhosts/captainellenbogen.com/crm.captainellenbogen.com/backend/vendor/laravel/framework/src/Illuminate/Foundation/Bootstrap/HandleExceptions.php(255): Illuminate\\Foundation\\Bootstrap\\HandleExceptions->handleException()
#29 [internal function]: Illuminate\\Foundation\\Bootstrap\\HandleExceptions->Illuminate\\Foundation\\Bootstrap\\{closure}()
#30 {main}
"} 
