[2025-11-08 00:13:29] production.ERROR: Undefined variable $asOf {"userId":3,"exception":"[object] (ErrorException(code: 0): Undefined variable $asOf at /var/www/vhosts/south.davesrvcenter.com/crm.davesrvcenter.com/backend/app/Http/Controllers/AccountingReportController.php:419)
[stacktrace]
#0 /var/www/vhosts/south.davesrvcenter.com/crm.davesrvcenter.com/backend/vendor/laravel/framework/src/Illuminate/Foundation/Bootstrap/HandleExceptions.php(255): Illuminate\\Foundation\\Bootstrap\\HandleExceptions->handleError()
#1 /var/www/vhosts/south.davesrvcenter.com/crm.davesrvcenter.com/backend/app/Http/Controllers/AccountingReportController.php(419): Illuminate\\Foundation\\Bootstrap\\HandleExceptions->Illuminate\\Foundation\\Bootstrap\\{closure}()
#2 /var/www/vhosts/south.davesrvcenter.com/crm.davesrvcenter.com/backend/vendor/laravel/framework/src/Illuminate/Routing/Controller.php(54): App\\Http\\Controllers\\AccountingReportController->accountsPayableAging()
#3 /var/www/vhosts/south.davesrvcenter.com/crm.davesrvcenter.com/backend/vendor/laravel/framework/src/Illuminate/Routing/ControllerDispatcher.php(43): Illuminate\\Routing\\Controller->callAction()
#4 /var/www/vhosts/south.davesrvcenter.com/crm.davesrvcenter.com/backend/vendor/laravel/framework/src/Illuminate/Routing/Route.php(259): Illuminate\\Routing\\ControllerDispatcher->dispatch()
#5 /var/www/vhosts/south.davesrvcenter.com/crm.davesrvcenter.com/backend/vendor/laravel/framework/src/Illuminate/Routing/Route.php(205): Illuminate\\Routing\\Route->runController()
#6 /var/www/vhosts/south.davesrvcenter.com/crm.davesrvcenter.com/backend/vendor/laravel/framework/src/Illuminate/Routing/Router.php(806): Illuminate\\Routing\\Route->run()
#7 /var/www/vhosts/south.davesrvcenter.com/crm.davesrvcenter.com/backend/vendor/laravel/framework/src/Illuminate/Pipeline/Pipeline.php(144): Illuminate\\Routing\\Router->Illuminate\\Routing\\{closure}()
#8 /var/www/vhosts/south.davesrvcenter.com/crm.davesrvcenter.com/backend/vendor/laravel/framework/src/Illuminate/Routing/Middleware/SubstituteBindings.php(50): Illuminate\\Pipeline\\Pipeline->Illuminate\\Pipeline\\{closure}()
#9 /var/www/vhosts/south.davesrvcenter.com/crm.davesrvcenter.com/backend/vendor/laravel/framework/src/Illuminate/Pipeline/Pipeline.php(183): Illuminate\\Routing\\Middleware\\SubstituteBindings->handle()
#10 /var/www/vhosts/south.davesrvcenter.com/crm.davesrvcenter.com/backend/vendor/laravel/framework/src/Illuminate/Routing/Middleware/ThrottleRequests.php(159): Illuminate\\Pipeline\\Pipeline->Illuminate\\Pipeline\\{closure}()
#11 /var/www/vhosts/south.davesrvcenter.com/crm.davesrvcenter.com/backend/vendor/laravel/framework/src/Illuminate/Routing/Middleware/ThrottleRequests.php(125): Illuminate\\Routing\\Middleware\\ThrottleRequests->handleRequest()
#12 /var/www/vhosts/south.davesrvcenter.com/crm.davesrvcenter.com/backend/vendor/laravel/framework/src/Illuminate/Routing/Middleware/ThrottleRequests.php(87): Illuminate\\Routing\\Middleware\\ThrottleRequests->handleRequestUsingNamedLimiter()
#13 /var/www/vhosts/south.davesrvcenter.com/crm.davesrvcenter.com/backend/vendor/laravel/framework/src/Illuminate/Pipeline/Pipeline.php(183): Illuminate\\Routing\\Middleware\\ThrottleRequests->handle()
#14 /var/www/vhosts/south.davesrvcenter.com/crm.davesrvcenter.com/backend/vendor/laravel/framework/src/Illuminate/Auth/Middleware/Authenticate.php(57): Illuminate\\Pipeline\\Pipeline->Illuminate\\Pipeline\\{closure}()
#15 /var/www/vhosts/south.davesrvcenter.com/crm.davesrvcenter.com/backend/vendor/laravel/framework/src/Illuminate/Pipeline/Pipeline.php(183): Illuminate\\Auth\\Middleware\\Authenticate->handle()
#16 /var/www/vhosts/south.davesrvcenter.com/crm.davesrvcenter.com/backend/vendor/laravel/sanctum/src/Http/Middleware/EnsureFrontendRequestsAreStateful.php(25): Illuminate\\Pipeline\\Pipeline->Illuminate\\Pipeline\\{closure}()
#17 /var/www/vhosts/south.davesrvcenter.com/crm.davesrvcenter.com/backend/vendor/laravel/framework/src/Illuminate/Pipeline/Pipeline.php(144): Laravel\\Sanctum\\Http\\Middleware\\EnsureFrontendRequestsAreStateful->Laravel\\Sanctum\\Http\\Middleware\\{closure}()
#18 /var/www/vhosts/south.davesrvcenter.com/crm.davesrvcenter.com/backend/vendor/laravel/framework/src/Illuminate/Foundation/Http/Middleware/VerifyCsrfToken.php(78): Illuminate\\Pipeline\\Pipeline->Illuminate\\Pipeline\\{closure}()
#19 /var/www/vhosts/south.davesrvcenter.com/crm.davesrvcenter.com/backend/vendor/laravel/framework/src/Illuminate/Pipeline/Pipeline.php(183): Illuminate\\Foundation\\Http\\Middleware\\VerifyCsrfToken->handle()
#20 /var/www/vhosts/south.davesrvcenter.com/crm.davesrvcenter.com/backend/vendor/laravel/framework/src/Illuminate/Session/Middleware/StartSession.php(121): Illuminate\\Pipeline\\Pipeline->Illuminate\\Pipeline\\{closure}()
#21 /var/www/vhosts/south.davesrvcenter.com/crm.davesrvcenter.com/backend/vendor/laravel/framework/src/Illuminate/Session/Middleware/StartSession.php(64): Illuminate\\Session\\Middleware\\StartSession->handleStatefulRequest()
#22 /var/www/vhosts/south.davesrvcenter.com/crm.davesrvcenter.com/backend/vendor/laravel/framework/src/Illuminate/Pipeline/Pipeline.php(183): Illuminate\\Session\\Middleware\\StartSession->handle()
#23 /var/www/vhosts/south.davesrvcenter.com/crm.davesrvcenter.com/backend/vendor/laravel/framework/src/Illuminate/Cookie/Middleware/AddQueuedCookiesToResponse.php(37): Illuminate\\Pipeline\\Pipeline->Illuminate\\Pipeline\\{closure}()
#24 /var/www/vhosts/south.davesrvcenter.com/crm.davesrvcenter.com/backend/vendor/laravel/framework/src/Illuminate/Pipeline/Pipeline.php(183): Illuminate\\Cookie\\Middleware\\AddQueuedCookiesToResponse->handle()
#25 /var/www/vhosts/south.davesrvcenter.com/crm.davesrvcenter.com/backend/vendor/laravel/framework/src/Illuminate/Cookie/Middleware/EncryptCookies.php(67): Illuminate\\Pipeline\\Pipeline->Illuminate\\Pipeline\\{closure}()
#26 /var/www/vhosts/south.davesrvcenter.com/crm.davesrvcenter.com/backend/vendor/laravel/framework/src/Illuminate/Pipeline/Pipeline.php(183): Illuminate\\Cookie\\Middleware\\EncryptCookies->handle()
#27 /var/www/vhosts/south.davesrvcenter.com/crm.davesrvcenter.com/backend/vendor/laravel/sanctum/src/Http/Middleware/EnsureFrontendRequestsAreStateful.php(61): Illuminate\\Pipeline\\Pipeline->Illuminate\\Pipeline\\{closure}()
#28 /var/www/vhosts/south.davesrvcenter.com/crm.davesrvcenter.com/backend/vendor/laravel/framework/src/Illuminate/Pipeline/Pipeline.php(165): Laravel\\Sanctum\\Http\\Middleware\\EnsureFrontendRequestsAreStateful->Laravel\\Sanctum\\Http\\Middleware\\{closure}()
#29 /var/www/vhosts/south.davesrvcenter.com/crm.davesrvcenter.com/backend/vendor/laravel/framework/src/Illuminate/Pipeline/Pipeline.php(119): Illuminate\\Pipeline\\Pipeline->Illuminate\\Pipeline\\{closure}()
#30 /var/www/vhosts/south.davesrvcenter.com/crm.davesrvcenter.com/backend/vendor/laravel/sanctum/src/Http/Middleware/EnsureFrontendRequestsAreStateful.php(24): Illuminate\\Pipeline\\Pipeline->then()
#31 /var/www/vhosts/south.davesrvcenter.com/crm.davesrvcenter.com/backend/vendor/laravel/framework/src/Illuminate/Pipeline/Pipeline.php(183): Laravel\\Sanctum\\Http\\Middleware\\EnsureFrontendRequestsAreStateful->handle()
#32 /var/www/vhosts/south.davesrvcenter.com/crm.davesrvcenter.com/backend/vendor/laravel/framework/src/Illuminate/Pipeline/Pipeline.php(119): Illuminate\\Pipeline\\Pipeline->Illuminate\\Pipeline\\{closure}()
#33 /var/www/vhosts/south.davesrvcenter.com/crm.davesrvcenter.com/backend/vendor/laravel/framework/src/Illuminate/Routing/Router.php(805): Illuminate\\Pipeline\\Pipeline->then()
#34 /var/www/vhosts/south.davesrvcenter.com/crm.davesrvcenter.com/backend/vendor/laravel/framework/src/Illuminate/Routing/Router.php(784): Illuminate\\Routing\\Router->runRouteWithinStack()
#35 /var/www/vhosts/south.davesrvcenter.com/crm.davesrvcenter.com/backend/vendor/laravel/framework/src/Illuminate/Routing/Router.php(748): Illuminate\\Routing\\Router->runRoute()
#36 /var/www/vhosts/south.davesrvcenter.com/crm.davesrvcenter.com/backend/vendor/laravel/framework/src/Illuminate/Routing/Router.php(737): Illuminate\\Routing\\Router->dispatchToRoute()
#37 /var/www/vhosts/south.davesrvcenter.com/crm.davesrvcenter.com/backend/vendor/laravel/framework/src/Illuminate/Foundation/Http/Kernel.php(200): Illuminate\\Routing\\Router->dispatch()
#38 /var/www/vhosts/south.davesrvcenter.com/crm.davesrvcenter.com/backend/vendor/laravel/framework/src/Illuminate/Pipeline/Pipeline.php(144): Illuminate\\Foundation\\Http\\Kernel->Illuminate\\Foundation\\Http\\{closure}()
#39 /var/www/vhosts/south.davesrvcenter.com/crm.davesrvcenter.com/backend/vendor/laravel/framework/src/Illuminate/Foundation/Http/Middleware/TransformsRequest.php(21): Illuminate\\Pipeline\\Pipeline->Illuminate\\Pipeline\\{closure}()
#40 /var/www/vhosts/south.davesrvcenter.com/crm.davesrvcenter.com/backend/vendor/laravel/framework/src/Illuminate/Foundation/Http/Middleware/ConvertEmptyStringsToNull.php(31): Illuminate\\Foundation\\Http\\Middleware\\TransformsRequest->handle()
#41 /var/www/vhosts/south.davesrvcenter.com/crm.davesrvcenter.com/backend/vendor/laravel/framework/src/Illuminate/Pipeline/Pipeline.php(183): Illuminate\\Foundation\\Http\\Middleware\\ConvertEmptyStringsToNull->handle()
#42 /var/www/vhosts/south.davesrvcenter.com/crm.davesrvcenter.com/backend/vendor/laravel/framework/src/Illuminate/Foundation/Http/Middleware/TransformsRequest.php(21): Illuminate\\Pipeline\\Pipeline->Illuminate\\Pipeline\\{closure}()
#43 /var/www/vhosts/south.davesrvcenter.com/crm.davesrvcenter.com/backend/vendor/laravel/framework/src/Illuminate/Foundation/Http/Middleware/TrimStrings.php(40): Illuminate\\Foundation\\Http\\Middleware\\TransformsRequest->handle()
#44 /var/www/vhosts/south.davesrvcenter.com/crm.davesrvcenter.com/backend/vendor/laravel/framework/src/Illuminate/Pipeline/Pipeline.php(183): Illuminate\\Foundation\\Http\\Middleware\\TrimStrings->handle()
#45 /var/www/vhosts/south.davesrvcenter.com/crm.davesrvcenter.com/backend/vendor/laravel/framework/src/Illuminate/Foundation/Http/Middleware/ValidatePostSize.php(27): Illuminate\\Pipeline\\Pipeline->Illuminate\\Pipeline\\{closure}()
#46 /var/www/vhosts/south.davesrvcenter.com/crm.davesrvcenter.com/backend/vendor/laravel/framework/src/Illuminate/Pipeline/Pipeline.php(183): Illuminate\\Foundation\\Http\\Middleware\\ValidatePostSize->handle()
#47 /var/www/vhosts/south.davesrvcenter.com/crm.davesrvcenter.com/backend/vendor/laravel/framework/src/Illuminate/Foundation/Http/Middleware/PreventRequestsDuringMaintenance.php(99): Illuminate\\Pipeline\\Pipeline->Illuminate\\Pipeline\\{closure}()
#48 /var/www/vhosts/south.davesrvcenter.com/crm.davesrvcenter.com/backend/vendor/laravel/framework/src/Illuminate/Pipeline/Pipeline.php(183): Illuminate\\Foundation\\Http\\Middleware\\PreventRequestsDuringMaintenance->handle()
#49 /var/www/vhosts/south.davesrvcenter.com/crm.davesrvcenter.com/backend/vendor/laravel/framework/src/Illuminate/Http/Middleware/HandleCors.php(62): Illuminate\\Pipeline\\Pipeline->Illuminate\\Pipeline\\{closure}()
#50 /var/www/vhosts/south.davesrvcenter.com/crm.davesrvcenter.com/backend/vendor/laravel/framework/src/Illuminate/Pipeline/Pipeline.php(183): Illuminate\\Http\\Middleware\\HandleCors->handle()
#51 /var/www/vhosts/south.davesrvcenter.com/crm.davesrvcenter.com/backend/vendor/laravel/framework/src/Illuminate/Http/Middleware/TrustProxies.php(39): Illuminate\\Pipeline\\Pipeline->Illuminate\\Pipeline\\{closure}()
#52 /var/www/vhosts/south.davesrvcenter.com/crm.davesrvcenter.com/backend/vendor/laravel/framework/src/Illuminate/Pipeline/Pipeline.php(183): Illuminate\\Http\\Middleware\\TrustProxies->handle()
#53 /var/www/vhosts/south.davesrvcenter.com/crm.davesrvcenter.com/backend/vendor/laravel/framework/src/Illuminate/Pipeline/Pipeline.php(119): Illuminate\\Pipeline\\Pipeline->Illuminate\\Pipeline\\{closure}()
#54 /var/www/vhosts/south.davesrvcenter.com/crm.davesrvcenter.com/backend/vendor/laravel/framework/src/Illuminate/Foundation/Http/Kernel.php(175): Illuminate\\Pipeline\\Pipeline->then()
#55 /var/www/vhosts/south.davesrvcenter.com/crm.davesrvcenter.com/backend/vendor/laravel/framework/src/Illuminate/Foundation/Http/Kernel.php(144): Illuminate\\Foundation\\Http\\Kernel->sendRequestThroughRouter()
#56 /var/www/vhosts/south.davesrvcenter.com/crm.davesrvcenter.com/backend/public/index.php(50): Illuminate\\Foundation\\Http\\Kernel->handle()
#57 {main}
"} 
[2025-11-08 00:13:30] production.ERROR: Undefined variable $asOf {"userId":3,"exception":"[object] (ErrorException(code: 0): Undefined variable $asOf at /var/www/vhosts/south.davesrvcenter.com/crm.davesrvcenter.com/backend/app/Http/Controllers/AccountingReportController.php:419)
[stacktrace]
#0 /var/www/vhosts/south.davesrvcenter.com/crm.davesrvcenter.com/backend/vendor/laravel/framework/src/Illuminate/Foundation/Bootstrap/HandleExceptions.php(255): Illuminate\\Foundation\\Bootstrap\\HandleExceptions->handleError()
#1 /var/www/vhosts/south.davesrvcenter.com/crm.davesrvcenter.com/backend/app/Http/Controllers/AccountingReportController.php(419): Illuminate\\Foundation\\Bootstrap\\HandleExceptions->Illuminate\\Foundation\\Bootstrap\\{closure}()
#2 /var/www/vhosts/south.davesrvcenter.com/crm.davesrvcenter.com/backend/vendor/laravel/framework/src/Illuminate/Routing/Controller.php(54): App\\Http\\Controllers\\AccountingReportController->accountsPayableAging()
#3 /var/www/vhosts/south.davesrvcenter.com/crm.davesrvcenter.com/backend/vendor/laravel/framework/src/Illuminate/Routing/ControllerDispatcher.php(43): Illuminate\\Routing\\Controller->callAction()
#4 /var/www/vhosts/south.davesrvcenter.com/crm.davesrvcenter.com/backend/vendor/laravel/framework/src/Illuminate/Routing/Route.php(259): Illuminate\\Routing\\ControllerDispatcher->dispatch()
#5 /var/www/vhosts/south.davesrvcenter.com/crm.davesrvcenter.com/backend/vendor/laravel/framework/src/Illuminate/Routing/Route.php(205): Illuminate\\Routing\\Route->runController()
#6 /var/www/vhosts/south.davesrvcenter.com/crm.davesrvcenter.com/backend/vendor/laravel/framework/src/Illuminate/Routing/Router.php(806): Illuminate\\Routing\\Route->run()
#7 /var/www/vhosts/south.davesrvcenter.com/crm.davesrvcenter.com/backend/vendor/laravel/framework/src/Illuminate/Pipeline/Pipeline.php(144): Illuminate\\Routing\\Router->Illuminate\\Routing\\{closure}()
#8 /var/www/vhosts/south.davesrvcenter.com/crm.davesrvcenter.com/backend/vendor/laravel/framework/src/Illuminate/Routing/Middleware/SubstituteBindings.php(50): Illuminate\\Pipeline\\Pipeline->Illuminate\\Pipeline\\{closure}()
#9 /var/www/vhosts/south.davesrvcenter.com/crm.davesrvcenter.com/backend/vendor/laravel/framework/src/Illuminate/Pipeline/Pipeline.php(183): Illuminate\\Routing\\Middleware\\SubstituteBindings->handle()
#10 /var/www/vhosts/south.davesrvcenter.com/crm.davesrvcenter.com/backend/vendor/laravel/framework/src/Illuminate/Routing/Middleware/ThrottleRequests.php(159): Illuminate\\Pipeline\\Pipeline->Illuminate\\Pipeline\\{closure}()
#11 /var/www/vhosts/south.davesrvcenter.com/crm.davesrvcenter.com/backend/vendor/laravel/framework/src/Illuminate/Routing/Middleware/ThrottleRequests.php(125): Illuminate\\Routing\\Middleware\\ThrottleRequests->handleRequest()
#12 /var/www/vhosts/south.davesrvcenter.com/crm.davesrvcenter.com/backend/vendor/laravel/framework/src/Illuminate/Routing/Middleware/ThrottleRequests.php(87): Illuminate\\Routing\\Middleware\\ThrottleRequests->handleRequestUsingNamedLimiter()
#13 /var/www/vhosts/south.davesrvcenter.com/crm.davesrvcenter.com/backend/vendor/laravel/framework/src/Illuminate/Pipeline/Pipeline.php(183): Illuminate\\Routing\\Middleware\\ThrottleRequests->handle()
#14 /var/www/vhosts/south.davesrvcenter.com/crm.davesrvcenter.com/backend/vendor/laravel/framework/src/Illuminate/Auth/Middleware/Authenticate.php(57): Illuminate\\Pipeline\\Pipeline->Illuminate\\Pipeline\\{closure}()
#15 /var/www/vhosts/south.davesrvcenter.com/crm.davesrvcenter.com/backend/vendor/laravel/framework/src/Illuminate/Pipeline/Pipeline.php(183): Illuminate\\Auth\\Middleware\\Authenticate->handle()
#16 /var/www/vhosts/south.davesrvcenter.com/crm.davesrvcenter.com/backend/vendor/laravel/sanctum/src/Http/Middleware/EnsureFrontendRequestsAreStateful.php(25): Illuminate\\Pipeline\\Pipeline->Illuminate\\Pipeline\\{closure}()
#17 /var/www/vhosts/south.davesrvcenter.com/crm.davesrvcenter.com/backend/vendor/laravel/framework/src/Illuminate/Pipeline/Pipeline.php(144): Laravel\\Sanctum\\Http\\Middleware\\EnsureFrontendRequestsAreStateful->Laravel\\Sanctum\\Http\\Middleware\\{closure}()
#18 /var/www/vhosts/south.davesrvcenter.com/crm.davesrvcenter.com/backend/vendor/laravel/framework/src/Illuminate/Foundation/Http/Middleware/VerifyCsrfToken.php(78): Illuminate\\Pipeline\\Pipeline->Illuminate\\Pipeline\\{closure}()
#19 /var/www/vhosts/south.davesrvcenter.com/crm.davesrvcenter.com/backend/vendor/laravel/framework/src/Illuminate/Pipeline/Pipeline.php(183): Illuminate\\Foundation\\Http\\Middleware\\VerifyCsrfToken->handle()
#20 /var/www/vhosts/south.davesrvcenter.com/crm.davesrvcenter.com/backend/vendor/laravel/framework/src/Illuminate/Session/Middleware/StartSession.php(121): Illuminate\\Pipeline\\Pipeline->Illuminate\\Pipeline\\{closure}()
#21 /var/www/vhosts/south.davesrvcenter.com/crm.davesrvcenter.com/backend/vendor/laravel/framework/src/Illuminate/Session/Middleware/StartSession.php(64): Illuminate\\Session\\Middleware\\StartSession->handleStatefulRequest()
#22 /var/www/vhosts/south.davesrvcenter.com/crm.davesrvcenter.com/backend/vendor/laravel/framework/src/Illuminate/Pipeline/Pipeline.php(183): Illuminate\\Session\\Middleware\\StartSession->handle()
#23 /var/www/vhosts/south.davesrvcenter.com/crm.davesrvcenter.com/backend/vendor/laravel/framework/src/Illuminate/Cookie/Middleware/AddQueuedCookiesToResponse.php(37): Illuminate\\Pipeline\\Pipeline->Illuminate\\Pipeline\\{closure}()
#24 /var/www/vhosts/south.davesrvcenter.com/crm.davesrvcenter.com/backend/vendor/laravel/framework/src/Illuminate/Pipeline/Pipeline.php(183): Illuminate\\Cookie\\Middleware\\AddQueuedCookiesToResponse->handle()
#25 /var/www/vhosts/south.davesrvcenter.com/crm.davesrvcenter.com/backend/vendor/laravel/framework/src/Illuminate/Cookie/Middleware/EncryptCookies.php(67): Illuminate\\Pipeline\\Pipeline->Illuminate\\Pipeline\\{closure}()
#26 /var/www/vhosts/south.davesrvcenter.com/crm.davesrvcenter.com/backend/vendor/laravel/framework/src/Illuminate/Pipeline/Pipeline.php(183): Illuminate\\Cookie\\Middleware\\EncryptCookies->handle()
#27 /var/www/vhosts/south.davesrvcenter.com/crm.davesrvcenter.com/backend/vendor/laravel/sanctum/src/Http/Middleware/EnsureFrontendRequestsAreStateful.php(61): Illuminate\\Pipeline\\Pipeline->Illuminate\\Pipeline\\{closure}()
#28 /var/www/vhosts/south.davesrvcenter.com/crm.davesrvcenter.com/backend/vendor/laravel/framework/src/Illuminate/Pipeline/Pipeline.php(165): Laravel\\Sanctum\\Http\\Middleware\\EnsureFrontendRequestsAreStateful->Laravel\\Sanctum\\Http\\Middleware\\{closure}()
#29 /var/www/vhosts/south.davesrvcenter.com/crm.davesrvcenter.com/backend/vendor/laravel/framework/src/Illuminate/Pipeline/Pipeline.php(119): Illuminate\\Pipeline\\Pipeline->Illuminate\\Pipeline\\{closure}()
#30 /var/www/vhosts/south.davesrvcenter.com/crm.davesrvcenter.com/backend/vendor/laravel/sanctum/src/Http/Middleware/EnsureFrontendRequestsAreStateful.php(24): Illuminate\\Pipeline\\Pipeline->then()
#31 /var/www/vhosts/south.davesrvcenter.com/crm.davesrvcenter.com/backend/vendor/laravel/framework/src/Illuminate/Pipeline/Pipeline.php(183): Laravel\\Sanctum\\Http\\Middleware\\EnsureFrontendRequestsAreStateful->handle()
#32 /var/www/vhosts/south.davesrvcenter.com/crm.davesrvcenter.com/backend/vendor/laravel/framework/src/Illuminate/Pipeline/Pipeline.php(119): Illuminate\\Pipeline\\Pipeline->Illuminate\\Pipeline\\{closure}()
#33 /var/www/vhosts/south.davesrvcenter.com/crm.davesrvcenter.com/backend/vendor/laravel/framework/src/Illuminate/Routing/Router.php(805): Illuminate\\Pipeline\\Pipeline->then()
#34 /var/www/vhosts/south.davesrvcenter.com/crm.davesrvcenter.com/backend/vendor/laravel/framework/src/Illuminate/Routing/Router.php(784): Illuminate\\Routing\\Router->runRouteWithinStack()
#35 /var/www/vhosts/south.davesrvcenter.com/crm.davesrvcenter.com/backend/vendor/laravel/framework/src/Illuminate/Routing/Router.php(748): Illuminate\\Routing\\Router->runRoute()
#36 /var/www/vhosts/south.davesrvcenter.com/crm.davesrvcenter.com/backend/vendor/laravel/framework/src/Illuminate/Routing/Router.php(737): Illuminate\\Routing\\Router->dispatchToRoute()
#37 /var/www/vhosts/south.davesrvcenter.com/crm.davesrvcenter.com/backend/vendor/laravel/framework/src/Illuminate/Foundation/Http/Kernel.php(200): Illuminate\\Routing\\Router->dispatch()
#38 /var/www/vhosts/south.davesrvcenter.com/crm.davesrvcenter.com/backend/vendor/laravel/framework/src/Illuminate/Pipeline/Pipeline.php(144): Illuminate\\Foundation\\Http\\Kernel->Illuminate\\Foundation\\Http\\{closure}()
#39 /var/www/vhosts/south.davesrvcenter.com/crm.davesrvcenter.com/backend/vendor/laravel/framework/src/Illuminate/Foundation/Http/Middleware/TransformsRequest.php(21): Illuminate\\Pipeline\\Pipeline->Illuminate\\Pipeline\\{closure}()
#40 /var/www/vhosts/south.davesrvcenter.com/crm.davesrvcenter.com/backend/vendor/laravel/framework/src/Illuminate/Foundation/Http/Middleware/ConvertEmptyStringsToNull.php(31): Illuminate\\Foundation\\Http\\Middleware\\TransformsRequest->handle()
#41 /var/www/vhosts/south.davesrvcenter.com/crm.davesrvcenter.com/backend/vendor/laravel/framework/src/Illuminate/Pipeline/Pipeline.php(183): Illuminate\\Foundation\\Http\\Middleware\\ConvertEmptyStringsToNull->handle()
#42 /var/www/vhosts/south.davesrvcenter.com/crm.davesrvcenter.com/backend/vendor/laravel/framework/src/Illuminate/Foundation/Http/Middleware/TransformsRequest.php(21): Illuminate\\Pipeline\\Pipeline->Illuminate\\Pipeline\\{closure}()
#43 /var/www/vhosts/south.davesrvcenter.com/crm.davesrvcenter.com/backend/vendor/laravel/framework/src/Illuminate/Foundation/Http/Middleware/TrimStrings.php(40): Illuminate\\Foundation\\Http\\Middleware\\TransformsRequest->handle()
#44 /var/www/vhosts/south.davesrvcenter.com/crm.davesrvcenter.com/backend/vendor/laravel/framework/src/Illuminate/Pipeline/Pipeline.php(183): Illuminate\\Foundation\\Http\\Middleware\\TrimStrings->handle()
#45 /var/www/vhosts/south.davesrvcenter.com/crm.davesrvcenter.com/backend/vendor/laravel/framework/src/Illuminate/Foundation/Http/Middleware/ValidatePostSize.php(27): Illuminate\\Pipeline\\Pipeline->Illuminate\\Pipeline\\{closure}()
#46 /var/www/vhosts/south.davesrvcenter.com/crm.davesrvcenter.com/backend/vendor/laravel/framework/src/Illuminate/Pipeline/Pipeline.php(183): Illuminate\\Foundation\\Http\\Middleware\\ValidatePostSize->handle()
#47 /var/www/vhosts/south.davesrvcenter.com/crm.davesrvcenter.com/backend/vendor/laravel/framework/src/Illuminate/Foundation/Http/Middleware/PreventRequestsDuringMaintenance.php(99): Illuminate\\Pipeline\\Pipeline->Illuminate\\Pipeline\\{closure}()
#48 /var/www/vhosts/south.davesrvcenter.com/crm.davesrvcenter.com/backend/vendor/laravel/framework/src/Illuminate/Pipeline/Pipeline.php(183): Illuminate\\Foundation\\Http\\Middleware\\PreventRequestsDuringMaintenance->handle()
#49 /var/www/vhosts/south.davesrvcenter.com/crm.davesrvcenter.com/backend/vendor/laravel/framework/src/Illuminate/Http/Middleware/HandleCors.php(62): Illuminate\\Pipeline\\Pipeline->Illuminate\\Pipeline\\{closure}()
#50 /var/www/vhosts/south.davesrvcenter.com/crm.davesrvcenter.com/backend/vendor/laravel/framework/src/Illuminate/Pipeline/Pipeline.php(183): Illuminate\\Http\\Middleware\\HandleCors->handle()
#51 /var/www/vhosts/south.davesrvcenter.com/crm.davesrvcenter.com/backend/vendor/laravel/framework/src/Illuminate/Http/Middleware/TrustProxies.php(39): Illuminate\\Pipeline\\Pipeline->Illuminate\\Pipeline\\{closure}()
#52 /var/www/vhosts/south.davesrvcenter.com/crm.davesrvcenter.com/backend/vendor/laravel/framework/src/Illuminate/Pipeline/Pipeline.php(183): Illuminate\\Http\\Middleware\\TrustProxies->handle()
#53 /var/www/vhosts/south.davesrvcenter.com/crm.davesrvcenter.com/backend/vendor/laravel/framework/src/Illuminate/Pipeline/Pipeline.php(119): Illuminate\\Pipeline\\Pipeline->Illuminate\\Pipeline\\{closure}()
#54 /var/www/vhosts/south.davesrvcenter.com/crm.davesrvcenter.com/backend/vendor/laravel/framework/src/Illuminate/Foundation/Http/Kernel.php(175): Illuminate\\Pipeline\\Pipeline->then()
#55 /var/www/vhosts/south.davesrvcenter.com/crm.davesrvcenter.com/backend/vendor/laravel/framework/src/Illuminate/Foundation/Http/Kernel.php(144): Illuminate\\Foundation\\Http\\Kernel->sendRequestThroughRouter()
#56 /var/www/vhosts/south.davesrvcenter.com/crm.davesrvcenter.com/backend/public/index.php(50): Illuminate\\Foundation\\Http\\Kernel->handle()
#57 {main}
"} 
[2025-11-08 00:22:23] production.ERROR: Undefined variable $asOf {"userId":3,"exception":"[object] (ErrorException(code: 0): Undefined variable $asOf at /var/www/vhosts/south.davesrvcenter.com/crm.davesrvcenter.com/backend/app/Http/Controllers/AccountingReportController.php:420)
[stacktrace]
#0 /var/www/vhosts/south.davesrvcenter.com/crm.davesrvcenter.com/backend/vendor/laravel/framework/src/Illuminate/Foundation/Bootstrap/HandleExceptions.php(255): Illuminate\\Foundation\\Bootstrap\\HandleExceptions->handleError()
#1 /var/www/vhosts/south.davesrvcenter.com/crm.davesrvcenter.com/backend/app/Http/Controllers/AccountingReportController.php(420): Illuminate\\Foundation\\Bootstrap\\HandleExceptions->Illuminate\\Foundation\\Bootstrap\\{closure}()
#2 /var/www/vhosts/south.davesrvcenter.com/crm.davesrvcenter.com/backend/vendor/laravel/framework/src/Illuminate/Routing/Controller.php(54): App\\Http\\Controllers\\AccountingReportController->accountsPayableAging()
#3 /var/www/vhosts/south.davesrvcenter.com/crm.davesrvcenter.com/backend/vendor/laravel/framework/src/Illuminate/Routing/ControllerDispatcher.php(43): Illuminate\\Routing\\Controller->callAction()
#4 /var/www/vhosts/south.davesrvcenter.com/crm.davesrvcenter.com/backend/vendor/laravel/framework/src/Illuminate/Routing/Route.php(259): Illuminate\\Routing\\ControllerDispatcher->dispatch()
#5 /var/www/vhosts/south.davesrvcenter.com/crm.davesrvcenter.com/backend/vendor/laravel/framework/src/Illuminate/Routing/Route.php(205): Illuminate\\Routing\\Route->runController()
#6 /var/www/vhosts/south.davesrvcenter.com/crm.davesrvcenter.com/backend/vendor/laravel/framework/src/Illuminate/Routing/Router.php(806): Illuminate\\Routing\\Route->run()
#7 /var/www/vhosts/south.davesrvcenter.com/crm.davesrvcenter.com/backend/vendor/laravel/framework/src/Illuminate/Pipeline/Pipeline.php(144): Illuminate\\Routing\\Router->Illuminate\\Routing\\{closure}()
#8 /var/www/vhosts/south.davesrvcenter.com/crm.davesrvcenter.com/backend/vendor/laravel/framework/src/Illuminate/Routing/Middleware/SubstituteBindings.php(50): Illuminate\\Pipeline\\Pipeline->Illuminate\\Pipeline\\{closure}()
#9 /var/www/vhosts/south.davesrvcenter.com/crm.davesrvcenter.com/backend/vendor/laravel/framework/src/Illuminate/Pipeline/Pipeline.php(183): Illuminate\\Routing\\Middleware\\SubstituteBindings->handle()
#10 /var/www/vhosts/south.davesrvcenter.com/crm.davesrvcenter.com/backend/vendor/laravel/framework/src/Illuminate/Routing/Middleware/ThrottleRequests.php(159): Illuminate\\Pipeline\\Pipeline->Illuminate\\Pipeline\\{closure}()
#11 /var/www/vhosts/south.davesrvcenter.com/crm.davesrvcenter.com/backend/vendor/laravel/framework/src/Illuminate/Routing/Middleware/ThrottleRequests.php(125): Illuminate\\Routing\\Middleware\\ThrottleRequests->handleRequest()
#12 /var/www/vhosts/south.davesrvcenter.com/crm.davesrvcenter.com/backend/vendor/laravel/framework/src/Illuminate/Routing/Middleware/ThrottleRequests.php(87): Illuminate\\Routing\\Middleware\\ThrottleRequests->handleRequestUsingNamedLimiter()
#13 /var/www/vhosts/south.davesrvcenter.com/crm.davesrvcenter.com/backend/vendor/laravel/framework/src/Illuminate/Pipeline/Pipeline.php(183): Illuminate\\Routing\\Middleware\\ThrottleRequests->handle()
#14 /var/www/vhosts/south.davesrvcenter.com/crm.davesrvcenter.com/backend/vendor/laravel/framework/src/Illuminate/Auth/Middleware/Authenticate.php(57): Illuminate\\Pipeline\\Pipeline->Illuminate\\Pipeline\\{closure}()
#15 /var/www/vhosts/south.davesrvcenter.com/crm.davesrvcenter.com/backend/vendor/laravel/framework/src/Illuminate/Pipeline/Pipeline.php(183): Illuminate\\Auth\\Middleware\\Authenticate->handle()
#16 /var/www/vhosts/south.davesrvcenter.com/crm.davesrvcenter.com/backend/vendor/laravel/sanctum/src/Http/Middleware/EnsureFrontendRequestsAreStateful.php(25): Illuminate\\Pipeline\\Pipeline->Illuminate\\Pipeline\\{closure}()
#17 /var/www/vhosts/south.davesrvcenter.com/crm.davesrvcenter.com/backend/vendor/laravel/framework/src/Illuminate/Pipeline/Pipeline.php(144): Laravel\\Sanctum\\Http\\Middleware\\EnsureFrontendRequestsAreStateful->Laravel\\Sanctum\\Http\\Middleware\\{closure}()
#18 /var/www/vhosts/south.davesrvcenter.com/crm.davesrvcenter.com/backend/vendor/laravel/framework/src/Illuminate/Foundation/Http/Middleware/VerifyCsrfToken.php(78): Illuminate\\Pipeline\\Pipeline->Illuminate\\Pipeline\\{closure}()
#19 /var/www/vhosts/south.davesrvcenter.com/crm.davesrvcenter.com/backend/vendor/laravel/framework/src/Illuminate/Pipeline/Pipeline.php(183): Illuminate\\Foundation\\Http\\Middleware\\VerifyCsrfToken->handle()
#20 /var/www/vhosts/south.davesrvcenter.com/crm.davesrvcenter.com/backend/vendor/laravel/framework/src/Illuminate/Session/Middleware/StartSession.php(121): Illuminate\\Pipeline\\Pipeline->Illuminate\\Pipeline\\{closure}()
#21 /var/www/vhosts/south.davesrvcenter.com/crm.davesrvcenter.com/backend/vendor/laravel/framework/src/Illuminate/Session/Middleware/StartSession.php(64): Illuminate\\Session\\Middleware\\StartSession->handleStatefulRequest()
#22 /var/www/vhosts/south.davesrvcenter.com/crm.davesrvcenter.com/backend/vendor/laravel/framework/src/Illuminate/Pipeline/Pipeline.php(183): Illuminate\\Session\\Middleware\\StartSession->handle()
#23 /var/www/vhosts/south.davesrvcenter.com/crm.davesrvcenter.com/backend/vendor/laravel/framework/src/Illuminate/Cookie/Middleware/AddQueuedCookiesToResponse.php(37): Illuminate\\Pipeline\\Pipeline->Illuminate\\Pipeline\\{closure}()
#24 /var/www/vhosts/south.davesrvcenter.com/crm.davesrvcenter.com/backend/vendor/laravel/framework/src/Illuminate/Pipeline/Pipeline.php(183): Illuminate\\Cookie\\Middleware\\AddQueuedCookiesToResponse->handle()
#25 /var/www/vhosts/south.davesrvcenter.com/crm.davesrvcenter.com/backend/vendor/laravel/framework/src/Illuminate/Cookie/Middleware/EncryptCookies.php(67): Illuminate\\Pipeline\\Pipeline->Illuminate\\Pipeline\\{closure}()
#26 /var/www/vhosts/south.davesrvcenter.com/crm.davesrvcenter.com/backend/vendor/laravel/framework/src/Illuminate/Pipeline/Pipeline.php(183): Illuminate\\Cookie\\Middleware\\EncryptCookies->handle()
#27 /var/www/vhosts/south.davesrvcenter.com/crm.davesrvcenter.com/backend/vendor/laravel/sanctum/src/Http/Middleware/EnsureFrontendRequestsAreStateful.php(61): Illuminate\\Pipeline\\Pipeline->Illuminate\\Pipeline\\{closure}()
#28 /var/www/vhosts/south.davesrvcenter.com/crm.davesrvcenter.com/backend/vendor/laravel/framework/src/Illuminate/Pipeline/Pipeline.php(165): Laravel\\Sanctum\\Http\\Middleware\\EnsureFrontendRequestsAreStateful->Laravel\\Sanctum\\Http\\Middleware\\{closure}()
#29 /var/www/vhosts/south.davesrvcenter.com/crm.davesrvcenter.com/backend/vendor/laravel/framework/src/Illuminate/Pipeline/Pipeline.php(119): Illuminate\\Pipeline\\Pipeline->Illuminate\\Pipeline\\{closure}()
#30 /var/www/vhosts/south.davesrvcenter.com/crm.davesrvcenter.com/backend/vendor/laravel/sanctum/src/Http/Middleware/EnsureFrontendRequestsAreStateful.php(24): Illuminate\\Pipeline\\Pipeline->then()
#31 /var/www/vhosts/south.davesrvcenter.com/crm.davesrvcenter.com/backend/vendor/laravel/framework/src/Illuminate/Pipeline/Pipeline.php(183): Laravel\\Sanctum\\Http\\Middleware\\EnsureFrontendRequestsAreStateful->handle()
#32 /var/www/vhosts/south.davesrvcenter.com/crm.davesrvcenter.com/backend/vendor/laravel/framework/src/Illuminate/Pipeline/Pipeline.php(119): Illuminate\\Pipeline\\Pipeline->Illuminate\\Pipeline\\{closure}()
#33 /var/www/vhosts/south.davesrvcenter.com/crm.davesrvcenter.com/backend/vendor/laravel/framework/src/Illuminate/Routing/Router.php(805): Illuminate\\Pipeline\\Pipeline->then()
#34 /var/www/vhosts/south.davesrvcenter.com/crm.davesrvcenter.com/backend/vendor/laravel/framework/src/Illuminate/Routing/Router.php(784): Illuminate\\Routing\\Router->runRouteWithinStack()
#35 /var/www/vhosts/south.davesrvcenter.com/crm.davesrvcenter.com/backend/vendor/laravel/framework/src/Illuminate/Routing/Router.php(748): Illuminate\\Routing\\Router->runRoute()
#36 /var/www/vhosts/south.davesrvcenter.com/crm.davesrvcenter.com/backend/vendor/laravel/framework/src/Illuminate/Routing/Router.php(737): Illuminate\\Routing\\Router->dispatchToRoute()
#37 /var/www/vhosts/south.davesrvcenter.com/crm.davesrvcenter.com/backend/vendor/laravel/framework/src/Illuminate/Foundation/Http/Kernel.php(200): Illuminate\\Routing\\Router->dispatch()
#38 /var/www/vhosts/south.davesrvcenter.com/crm.davesrvcenter.com/backend/vendor/laravel/framework/src/Illuminate/Pipeline/Pipeline.php(144): Illuminate\\Foundation\\Http\\Kernel->Illuminate\\Foundation\\Http\\{closure}()
#39 /var/www/vhosts/south.davesrvcenter.com/crm.davesrvcenter.com/backend/vendor/laravel/framework/src/Illuminate/Foundation/Http/Middleware/TransformsRequest.php(21): Illuminate\\Pipeline\\Pipeline->Illuminate\\Pipeline\\{closure}()
#40 /var/www/vhosts/south.davesrvcenter.com/crm.davesrvcenter.com/backend/vendor/laravel/framework/src/Illuminate/Foundation/Http/Middleware/ConvertEmptyStringsToNull.php(31): Illuminate\\Foundation\\Http\\Middleware\\TransformsRequest->handle()
#41 /var/www/vhosts/south.davesrvcenter.com/crm.davesrvcenter.com/backend/vendor/laravel/framework/src/Illuminate/Pipeline/Pipeline.php(183): Illuminate\\Foundation\\Http\\Middleware\\ConvertEmptyStringsToNull->handle()
#42 /var/www/vhosts/south.davesrvcenter.com/crm.davesrvcenter.com/backend/vendor/laravel/framework/src/Illuminate/Foundation/Http/Middleware/TransformsRequest.php(21): Illuminate\\Pipeline\\Pipeline->Illuminate\\Pipeline\\{closure}()
#43 /var/www/vhosts/south.davesrvcenter.com/crm.davesrvcenter.com/backend/vendor/laravel/framework/src/Illuminate/Foundation/Http/Middleware/TrimStrings.php(40): Illuminate\\Foundation\\Http\\Middleware\\TransformsRequest->handle()
#44 /var/www/vhosts/south.davesrvcenter.com/crm.davesrvcenter.com/backend/vendor/laravel/framework/src/Illuminate/Pipeline/Pipeline.php(183): Illuminate\\Foundation\\Http\\Middleware\\TrimStrings->handle()
#45 /var/www/vhosts/south.davesrvcenter.com/crm.davesrvcenter.com/backend/vendor/laravel/framework/src/Illuminate/Foundation/Http/Middleware/ValidatePostSize.php(27): Illuminate\\Pipeline\\Pipeline->Illuminate\\Pipeline\\{closure}()
#46 /var/www/vhosts/south.davesrvcenter.com/crm.davesrvcenter.com/backend/vendor/laravel/framework/src/Illuminate/Pipeline/Pipeline.php(183): Illuminate\\Foundation\\Http\\Middleware\\ValidatePostSize->handle()
#47 /var/www/vhosts/south.davesrvcenter.com/crm.davesrvcenter.com/backend/vendor/laravel/framework/src/Illuminate/Foundation/Http/Middleware/PreventRequestsDuringMaintenance.php(99): Illuminate\\Pipeline\\Pipeline->Illuminate\\Pipeline\\{closure}()
#48 /var/www/vhosts/south.davesrvcenter.com/crm.davesrvcenter.com/backend/vendor/laravel/framework/src/Illuminate/Pipeline/Pipeline.php(183): Illuminate\\Foundation\\Http\\Middleware\\PreventRequestsDuringMaintenance->handle()
#49 /var/www/vhosts/south.davesrvcenter.com/crm.davesrvcenter.com/backend/vendor/laravel/framework/src/Illuminate/Http/Middleware/HandleCors.php(62): Illuminate\\Pipeline\\Pipeline->Illuminate\\Pipeline\\{closure}()
#50 /var/www/vhosts/south.davesrvcenter.com/crm.davesrvcenter.com/backend/vendor/laravel/framework/src/Illuminate/Pipeline/Pipeline.php(183): Illuminate\\Http\\Middleware\\HandleCors->handle()
#51 /var/www/vhosts/south.davesrvcenter.com/crm.davesrvcenter.com/backend/vendor/laravel/framework/src/Illuminate/Http/Middleware/TrustProxies.php(39): Illuminate\\Pipeline\\Pipeline->Illuminate\\Pipeline\\{closure}()
#52 /var/www/vhosts/south.davesrvcenter.com/crm.davesrvcenter.com/backend/vendor/laravel/framework/src/Illuminate/Pipeline/Pipeline.php(183): Illuminate\\Http\\Middleware\\TrustProxies->handle()
#53 /var/www/vhosts/south.davesrvcenter.com/crm.davesrvcenter.com/backend/vendor/laravel/framework/src/Illuminate/Pipeline/Pipeline.php(119): Illuminate\\Pipeline\\Pipeline->Illuminate\\Pipeline\\{closure}()
#54 /var/www/vhosts/south.davesrvcenter.com/crm.davesrvcenter.com/backend/vendor/laravel/framework/src/Illuminate/Foundation/Http/Kernel.php(175): Illuminate\\Pipeline\\Pipeline->then()
#55 /var/www/vhosts/south.davesrvcenter.com/crm.davesrvcenter.com/backend/vendor/laravel/framework/src/Illuminate/Foundation/Http/Kernel.php(144): Illuminate\\Foundation\\Http\\Kernel->sendRequestThroughRouter()
#56 /var/www/vhosts/south.davesrvcenter.com/crm.davesrvcenter.com/backend/public/index.php(50): Illuminate\\Foundation\\Http\\Kernel->handle()
#57 {main}
"} 
[2025-11-08 00:22:25] production.ERROR: Undefined variable $asOf {"userId":3,"exception":"[object] (ErrorException(code: 0): Undefined variable $asOf at /var/www/vhosts/south.davesrvcenter.com/crm.davesrvcenter.com/backend/app/Http/Controllers/AccountingReportController.php:420)
[stacktrace]
#0 /var/www/vhosts/south.davesrvcenter.com/crm.davesrvcenter.com/backend/vendor/laravel/framework/src/Illuminate/Foundation/Bootstrap/HandleExceptions.php(255): Illuminate\\Foundation\\Bootstrap\\HandleExceptions->handleError()
#1 /var/www/vhosts/south.davesrvcenter.com/crm.davesrvcenter.com/backend/app/Http/Controllers/AccountingReportController.php(420): Illuminate\\Foundation\\Bootstrap\\HandleExceptions->Illuminate\\Foundation\\Bootstrap\\{closure}()
#2 /var/www/vhosts/south.davesrvcenter.com/crm.davesrvcenter.com/backend/vendor/laravel/framework/src/Illuminate/Routing/Controller.php(54): App\\Http\\Controllers\\AccountingReportController->accountsPayableAging()
#3 /var/www/vhosts/south.davesrvcenter.com/crm.davesrvcenter.com/backend/vendor/laravel/framework/src/Illuminate/Routing/ControllerDispatcher.php(43): Illuminate\\Routing\\Controller->callAction()
#4 /var/www/vhosts/south.davesrvcenter.com/crm.davesrvcenter.com/backend/vendor/laravel/framework/src/Illuminate/Routing/Route.php(259): Illuminate\\Routing\\ControllerDispatcher->dispatch()
#5 /var/www/vhosts/south.davesrvcenter.com/crm.davesrvcenter.com/backend/vendor/laravel/framework/src/Illuminate/Routing/Route.php(205): Illuminate\\Routing\\Route->runController()
#6 /var/www/vhosts/south.davesrvcenter.com/crm.davesrvcenter.com/backend/vendor/laravel/framework/src/Illuminate/Routing/Router.php(806): Illuminate\\Routing\\Route->run()
#7 /var/www/vhosts/south.davesrvcenter.com/crm.davesrvcenter.com/backend/vendor/laravel/framework/src/Illuminate/Pipeline/Pipeline.php(144): Illuminate\\Routing\\Router->Illuminate\\Routing\\{closure}()
#8 /var/www/vhosts/south.davesrvcenter.com/crm.davesrvcenter.com/backend/vendor/laravel/framework/src/Illuminate/Routing/Middleware/SubstituteBindings.php(50): Illuminate\\Pipeline\\Pipeline->Illuminate\\Pipeline\\{closure}()
#9 /var/www/vhosts/south.davesrvcenter.com/crm.davesrvcenter.com/backend/vendor/laravel/framework/src/Illuminate/Pipeline/Pipeline.php(183): Illuminate\\Routing\\Middleware\\SubstituteBindings->handle()
#10 /var/www/vhosts/south.davesrvcenter.com/crm.davesrvcenter.com/backend/vendor/laravel/framework/src/Illuminate/Routing/Middleware/ThrottleRequests.php(159): Illuminate\\Pipeline\\Pipeline->Illuminate\\Pipeline\\{closure}()
#11 /var/www/vhosts/south.davesrvcenter.com/crm.davesrvcenter.com/backend/vendor/laravel/framework/src/Illuminate/Routing/Middleware/ThrottleRequests.php(125): Illuminate\\Routing\\Middleware\\ThrottleRequests->handleRequest()
#12 /var/www/vhosts/south.davesrvcenter.com/crm.davesrvcenter.com/backend/vendor/laravel/framework/src/Illuminate/Routing/Middleware/ThrottleRequests.php(87): Illuminate\\Routing\\Middleware\\ThrottleRequests->handleRequestUsingNamedLimiter()
#13 /var/www/vhosts/south.davesrvcenter.com/crm.davesrvcenter.com/backend/vendor/laravel/framework/src/Illuminate/Pipeline/Pipeline.php(183): Illuminate\\Routing\\Middleware\\ThrottleRequests->handle()
#14 /var/www/vhosts/south.davesrvcenter.com/crm.davesrvcenter.com/backend/vendor/laravel/framework/src/Illuminate/Auth/Middleware/Authenticate.php(57): Illuminate\\Pipeline\\Pipeline->Illuminate\\Pipeline\\{closure}()
#15 /var/www/vhosts/south.davesrvcenter.com/crm.davesrvcenter.com/backend/vendor/laravel/framework/src/Illuminate/Pipeline/Pipeline.php(183): Illuminate\\Auth\\Middleware\\Authenticate->handle()
#16 /var/www/vhosts/south.davesrvcenter.com/crm.davesrvcenter.com/backend/vendor/laravel/sanctum/src/Http/Middleware/EnsureFrontendRequestsAreStateful.php(25): Illuminate\\Pipeline\\Pipeline->Illuminate\\Pipeline\\{closure}()
#17 /var/www/vhosts/south.davesrvcenter.com/crm.davesrvcenter.com/backend/vendor/laravel/framework/src/Illuminate/Pipeline/Pipeline.php(144): Laravel\\Sanctum\\Http\\Middleware\\EnsureFrontendRequestsAreStateful->Laravel\\Sanctum\\Http\\Middleware\\{closure}()
#18 /var/www/vhosts/south.davesrvcenter.com/crm.davesrvcenter.com/backend/vendor/laravel/framework/src/Illuminate/Foundation/Http/Middleware/VerifyCsrfToken.php(78): Illuminate\\Pipeline\\Pipeline->Illuminate\\Pipeline\\{closure}()
#19 /var/www/vhosts/south.davesrvcenter.com/crm.davesrvcenter.com/backend/vendor/laravel/framework/src/Illuminate/Pipeline/Pipeline.php(183): Illuminate\\Foundation\\Http\\Middleware\\VerifyCsrfToken->handle()
#20 /var/www/vhosts/south.davesrvcenter.com/crm.davesrvcenter.com/backend/vendor/laravel/framework/src/Illuminate/Session/Middleware/StartSession.php(121): Illuminate\\Pipeline\\Pipeline->Illuminate\\Pipeline\\{closure}()
#21 /var/www/vhosts/south.davesrvcenter.com/crm.davesrvcenter.com/backend/vendor/laravel/framework/src/Illuminate/Session/Middleware/StartSession.php(64): Illuminate\\Session\\Middleware\\StartSession->handleStatefulRequest()
#22 /var/www/vhosts/south.davesrvcenter.com/crm.davesrvcenter.com/backend/vendor/laravel/framework/src/Illuminate/Pipeline/Pipeline.php(183): Illuminate\\Session\\Middleware\\StartSession->handle()
#23 /var/www/vhosts/south.davesrvcenter.com/crm.davesrvcenter.com/backend/vendor/laravel/framework/src/Illuminate/Cookie/Middleware/AddQueuedCookiesToResponse.php(37): Illuminate\\Pipeline\\Pipeline->Illuminate\\Pipeline\\{closure}()
#24 /var/www/vhosts/south.davesrvcenter.com/crm.davesrvcenter.com/backend/vendor/laravel/framework/src/Illuminate/Pipeline/Pipeline.php(183): Illuminate\\Cookie\\Middleware\\AddQueuedCookiesToResponse->handle()
#25 /var/www/vhosts/south.davesrvcenter.com/crm.davesrvcenter.com/backend/vendor/laravel/framework/src/Illuminate/Cookie/Middleware/EncryptCookies.php(67): Illuminate\\Pipeline\\Pipeline->Illuminate\\Pipeline\\{closure}()
#26 /var/www/vhosts/south.davesrvcenter.com/crm.davesrvcenter.com/backend/vendor/laravel/framework/src/Illuminate/Pipeline/Pipeline.php(183): Illuminate\\Cookie\\Middleware\\EncryptCookies->handle()
#27 /var/www/vhosts/south.davesrvcenter.com/crm.davesrvcenter.com/backend/vendor/laravel/sanctum/src/Http/Middleware/EnsureFrontendRequestsAreStateful.php(61): Illuminate\\Pipeline\\Pipeline->Illuminate\\Pipeline\\{closure}()
#28 /var/www/vhosts/south.davesrvcenter.com/crm.davesrvcenter.com/backend/vendor/laravel/framework/src/Illuminate/Pipeline/Pipeline.php(165): Laravel\\Sanctum\\Http\\Middleware\\EnsureFrontendRequestsAreStateful->Laravel\\Sanctum\\Http\\Middleware\\{closure}()
#29 /var/www/vhosts/south.davesrvcenter.com/crm.davesrvcenter.com/backend/vendor/laravel/framework/src/Illuminate/Pipeline/Pipeline.php(119): Illuminate\\Pipeline\\Pipeline->Illuminate\\Pipeline\\{closure}()
#30 /var/www/vhosts/south.davesrvcenter.com/crm.davesrvcenter.com/backend/vendor/laravel/sanctum/src/Http/Middleware/EnsureFrontendRequestsAreStateful.php(24): Illuminate\\Pipeline\\Pipeline->then()
#31 /var/www/vhosts/south.davesrvcenter.com/crm.davesrvcenter.com/backend/vendor/laravel/framework/src/Illuminate/Pipeline/Pipeline.php(183): Laravel\\Sanctum\\Http\\Middleware\\EnsureFrontendRequestsAreStateful->handle()
#32 /var/www/vhosts/south.davesrvcenter.com/crm.davesrvcenter.com/backend/vendor/laravel/framework/src/Illuminate/Pipeline/Pipeline.php(119): Illuminate\\Pipeline\\Pipeline->Illuminate\\Pipeline\\{closure}()
#33 /var/www/vhosts/south.davesrvcenter.com/crm.davesrvcenter.com/backend/vendor/laravel/framework/src/Illuminate/Routing/Router.php(805): Illuminate\\Pipeline\\Pipeline->then()
#34 /var/www/vhosts/south.davesrvcenter.com/crm.davesrvcenter.com/backend/vendor/laravel/framework/src/Illuminate/Routing/Router.php(784): Illuminate\\Routing\\Router->runRouteWithinStack()
#35 /var/www/vhosts/south.davesrvcenter.com/crm.davesrvcenter.com/backend/vendor/laravel/framework/src/Illuminate/Routing/Router.php(748): Illuminate\\Routing\\Router->runRoute()
#36 /var/www/vhosts/south.davesrvcenter.com/crm.davesrvcenter.com/backend/vendor/laravel/framework/src/Illuminate/Routing/Router.php(737): Illuminate\\Routing\\Router->dispatchToRoute()
#37 /var/www/vhosts/south.davesrvcenter.com/crm.davesrvcenter.com/backend/vendor/laravel/framework/src/Illuminate/Foundation/Http/Kernel.php(200): Illuminate\\Routing\\Router->dispatch()
#38 /var/www/vhosts/south.davesrvcenter.com/crm.davesrvcenter.com/backend/vendor/laravel/framework/src/Illuminate/Pipeline/Pipeline.php(144): Illuminate\\Foundation\\Http\\Kernel->Illuminate\\Foundation\\Http\\{closure}()
#39 /var/www/vhosts/south.davesrvcenter.com/crm.davesrvcenter.com/backend/vendor/laravel/framework/src/Illuminate/Foundation/Http/Middleware/TransformsRequest.php(21): Illuminate\\Pipeline\\Pipeline->Illuminate\\Pipeline\\{closure}()
#40 /var/www/vhosts/south.davesrvcenter.com/crm.davesrvcenter.com/backend/vendor/laravel/framework/src/Illuminate/Foundation/Http/Middleware/ConvertEmptyStringsToNull.php(31): Illuminate\\Foundation\\Http\\Middleware\\TransformsRequest->handle()
#41 /var/www/vhosts/south.davesrvcenter.com/crm.davesrvcenter.com/backend/vendor/laravel/framework/src/Illuminate/Pipeline/Pipeline.php(183): Illuminate\\Foundation\\Http\\Middleware\\ConvertEmptyStringsToNull->handle()
#42 /var/www/vhosts/south.davesrvcenter.com/crm.davesrvcenter.com/backend/vendor/laravel/framework/src/Illuminate/Foundation/Http/Middleware/TransformsRequest.php(21): Illuminate\\Pipeline\\Pipeline->Illuminate\\Pipeline\\{closure}()
#43 /var/www/vhosts/south.davesrvcenter.com/crm.davesrvcenter.com/backend/vendor/laravel/framework/src/Illuminate/Foundation/Http/Middleware/TrimStrings.php(40): Illuminate\\Foundation\\Http\\Middleware\\TransformsRequest->handle()
#44 /var/www/vhosts/south.davesrvcenter.com/crm.davesrvcenter.com/backend/vendor/laravel/framework/src/Illuminate/Pipeline/Pipeline.php(183): Illuminate\\Foundation\\Http\\Middleware\\TrimStrings->handle()
#45 /var/www/vhosts/south.davesrvcenter.com/crm.davesrvcenter.com/backend/vendor/laravel/framework/src/Illuminate/Foundation/Http/Middleware/ValidatePostSize.php(27): Illuminate\\Pipeline\\Pipeline->Illuminate\\Pipeline\\{closure}()
#46 /var/www/vhosts/south.davesrvcenter.com/crm.davesrvcenter.com/backend/vendor/laravel/framework/src/Illuminate/Pipeline/Pipeline.php(183): Illuminate\\Foundation\\Http\\Middleware\\ValidatePostSize->handle()
#47 /var/www/vhosts/south.davesrvcenter.com/crm.davesrvcenter.com/backend/vendor/laravel/framework/src/Illuminate/Foundation/Http/Middleware/PreventRequestsDuringMaintenance.php(99): Illuminate\\Pipeline\\Pipeline->Illuminate\\Pipeline\\{closure}()
#48 /var/www/vhosts/south.davesrvcenter.com/crm.davesrvcenter.com/backend/vendor/laravel/framework/src/Illuminate/Pipeline/Pipeline.php(183): Illuminate\\Foundation\\Http\\Middleware\\PreventRequestsDuringMaintenance->handle()
#49 /var/www/vhosts/south.davesrvcenter.com/crm.davesrvcenter.com/backend/vendor/laravel/framework/src/Illuminate/Http/Middleware/HandleCors.php(62): Illuminate\\Pipeline\\Pipeline->Illuminate\\Pipeline\\{closure}()
#50 /var/www/vhosts/south.davesrvcenter.com/crm.davesrvcenter.com/backend/vendor/laravel/framework/src/Illuminate/Pipeline/Pipeline.php(183): Illuminate\\Http\\Middleware\\HandleCors->handle()
#51 /var/www/vhosts/south.davesrvcenter.com/crm.davesrvcenter.com/backend/vendor/laravel/framework/src/Illuminate/Http/Middleware/TrustProxies.php(39): Illuminate\\Pipeline\\Pipeline->Illuminate\\Pipeline\\{closure}()
#52 /var/www/vhosts/south.davesrvcenter.com/crm.davesrvcenter.com/backend/vendor/laravel/framework/src/Illuminate/Pipeline/Pipeline.php(183): Illuminate\\Http\\Middleware\\TrustProxies->handle()
#53 /var/www/vhosts/south.davesrvcenter.com/crm.davesrvcenter.com/backend/vendor/laravel/framework/src/Illuminate/Pipeline/Pipeline.php(119): Illuminate\\Pipeline\\Pipeline->Illuminate\\Pipeline\\{closure}()
#54 /var/www/vhosts/south.davesrvcenter.com/crm.davesrvcenter.com/backend/vendor/laravel/framework/src/Illuminate/Foundation/Http/Kernel.php(175): Illuminate\\Pipeline\\Pipeline->then()
#55 /var/www/vhosts/south.davesrvcenter.com/crm.davesrvcenter.com/backend/vendor/laravel/framework/src/Illuminate/Foundation/Http/Kernel.php(144): Illuminate\\Foundation\\Http\\Kernel->sendRequestThroughRouter()
#56 /var/www/vhosts/south.davesrvcenter.com/crm.davesrvcenter.com/backend/public/index.php(50): Illuminate\\Foundation\\Http\\Kernel->handle()
#57 {main}
"} 
[2025-11-08 00:28:44] production.ERROR: Route [login] not defined. {"exception":"[object] (Symfony\\Component\\Routing\\Exception\\RouteNotFoundException(code: 0): Route [login] not defined. at /var/www/vhosts/south.davesrvcenter.com/crm.davesrvcenter.com/backend/vendor/laravel/framework/src/Illuminate/Routing/UrlGenerator.php:477)
[stacktrace]
#0 /var/www/vhosts/south.davesrvcenter.com/crm.davesrvcenter.com/backend/vendor/laravel/framework/src/Illuminate/Foundation/helpers.php(811): Illuminate\\Routing\\UrlGenerator->route()
#1 /var/www/vhosts/south.davesrvcenter.com/crm.davesrvcenter.com/backend/vendor/laravel/framework/src/Illuminate/Foundation/Exceptions/Handler.php(570): route()
#2 /var/www/vhosts/south.davesrvcenter.com/crm.davesrvcenter.com/backend/vendor/laravel/framework/src/Illuminate/Foundation/Exceptions/Handler.php(471): Illuminate\\Foundation\\Exceptions\\Handler->unauthenticated()
#3 /var/www/vhosts/south.davesrvcenter.com/crm.davesrvcenter.com/backend/vendor/laravel/framework/src/Illuminate/Routing/Pipeline.php(51): Illuminate\\Foundation\\Exceptions\\Handler->render()
#4 /var/www/vhosts/south.davesrvcenter.com/crm.davesrvcenter.com/backend/vendor/laravel/framework/src/Illuminate/Pipeline/Pipeline.php(188): Illuminate\\Routing\\Pipeline->handleException()
#5 /var/www/vhosts/south.davesrvcenter.com/crm.davesrvcenter.com/backend/vendor/laravel/sanctum/src/Http/Middleware/EnsureFrontendRequestsAreStateful.php(25): Illuminate\\Pipeline\\Pipeline->Illuminate\\Pipeline\\{closure}()
#6 /var/www/vhosts/south.davesrvcenter.com/crm.davesrvcenter.com/backend/vendor/laravel/framework/src/Illuminate/Pipeline/Pipeline.php(144): Laravel\\Sanctum\\Http\\Middleware\\EnsureFrontendRequestsAreStateful->Laravel\\Sanctum\\Http\\Middleware\\{closure}()
#7 /var/www/vhosts/south.davesrvcenter.com/crm.davesrvcenter.com/backend/vendor/laravel/framework/src/Illuminate/Pipeline/Pipeline.php(119): Illuminate\\Pipeline\\Pipeline->Illuminate\\Pipeline\\{closure}()
#8 /var/www/vhosts/south.davesrvcenter.com/crm.davesrvcenter.com/backend/vendor/laravel/sanctum/src/Http/Middleware/EnsureFrontendRequestsAreStateful.php(24): Illuminate\\Pipeline\\Pipeline->then()
#9 /var/www/vhosts/south.davesrvcenter.com/crm.davesrvcenter.com/backend/vendor/laravel/framework/src/Illuminate/Pipeline/Pipeline.php(183): Laravel\\Sanctum\\Http\\Middleware\\EnsureFrontendRequestsAreStateful->handle()
#10 /var/www/vhosts/south.davesrvcenter.com/crm.davesrvcenter.com/backend/vendor/laravel/framework/src/Illuminate/Pipeline/Pipeline.php(119): Illuminate\\Pipeline\\Pipeline->Illuminate\\Pipeline\\{closure}()
#11 /var/www/vhosts/south.davesrvcenter.com/crm.davesrvcenter.com/backend/vendor/laravel/framework/src/Illuminate/Routing/Router.php(805): Illuminate\\Pipeline\\Pipeline->then()
#12 /var/www/vhosts/south.davesrvcenter.com/crm.davesrvcenter.com/backend/vendor/laravel/framework/src/Illuminate/Routing/Router.php(784): Illuminate\\Routing\\Router->runRouteWithinStack()
#13 /var/www/vhosts/south.davesrvcenter.com/crm.davesrvcenter.com/backend/vendor/laravel/framework/src/Illuminate/Routing/Router.php(748): Illuminate\\Routing\\Router->runRoute()
#14 /var/www/vhosts/south.davesrvcenter.com/crm.davesrvcenter.com/backend/vendor/laravel/framework/src/Illuminate/Routing/Router.php(737): Illuminate\\Routing\\Router->dispatchToRoute()
#15 /var/www/vhosts/south.davesrvcenter.com/crm.davesrvcenter.com/backend/vendor/laravel/framework/src/Illuminate/Foundation/Http/Kernel.php(200): Illuminate\\Routing\\Router->dispatch()
#16 /var/www/vhosts/south.davesrvcenter.com/crm.davesrvcenter.com/backend/vendor/laravel/framework/src/Illuminate/Pipeline/Pipeline.php(144): Illuminate\\Foundation\\Http\\Kernel->Illuminate\\Foundation\\Http\\{closure}()
#17 /var/www/vhosts/south.davesrvcenter.com/crm.davesrvcenter.com/backend/vendor/laravel/framework/src/Illuminate/Foundation/Http/Middleware/TransformsRequest.php(21): Illuminate\\Pipeline\\Pipeline->Illuminate\\Pipeline\\{closure}()
#18 /var/www/vhosts/south.davesrvcenter.com/crm.davesrvcenter.com/backend/vendor/laravel/framework/src/Illuminate/Foundation/Http/Middleware/ConvertEmptyStringsToNull.php(31): Illuminate\\Foundation\\Http\\Middleware\\TransformsRequest->handle()
#19 /var/www/vhosts/south.davesrvcenter.com/crm.davesrvcenter.com/backend/vendor/laravel/framework/src/Illuminate/Pipeline/Pipeline.php(183): Illuminate\\Foundation\\Http\\Middleware\\ConvertEmptyStringsToNull->handle()
#20 /var/www/vhosts/south.davesrvcenter.com/crm.davesrvcenter.com/backend/vendor/laravel/framework/src/Illuminate/Foundation/Http/Middleware/TransformsRequest.php(21): Illuminate\\Pipeline\\Pipeline->Illuminate\\Pipeline\\{closure}()
#21 /var/www/vhosts/south.davesrvcenter.com/crm.davesrvcenter.com/backend/vendor/laravel/framework/src/Illuminate/Foundation/Http/Middleware/TrimStrings.php(40): Illuminate\\Foundation\\Http\\Middleware\\TransformsRequest->handle()
#22 /var/www/vhosts/south.davesrvcenter.com/crm.davesrvcenter.com/backend/vendor/laravel/framework/src/Illuminate/Pipeline/Pipeline.php(183): Illuminate\\Foundation\\Http\\Middleware\\TrimStrings->handle()
#23 /var/www/vhosts/south.davesrvcenter.com/crm.davesrvcenter.com/backend/vendor/laravel/framework/src/Illuminate/Foundation/Http/Middleware/ValidatePostSize.php(27): Illuminate\\Pipeline\\Pipeline->Illuminate\\Pipeline\\{closure}()
#24 /var/www/vhosts/south.davesrvcenter.com/crm.davesrvcenter.com/backend/vendor/laravel/framework/src/Illuminate/Pipeline/Pipeline.php(183): Illuminate\\Foundation\\Http\\Middleware\\ValidatePostSize->handle()
#25 /var/www/vhosts/south.davesrvcenter.com/crm.davesrvcenter.com/backend/vendor/laravel/framework/src/Illuminate/Foundation/Http/Middleware/PreventRequestsDuringMaintenance.php(99): Illuminate\\Pipeline\\Pipeline->Illuminate\\Pipeline\\{closure}()
#26 /var/www/vhosts/south.davesrvcenter.com/crm.davesrvcenter.com/backend/vendor/laravel/framework/src/Illuminate/Pipeline/Pipeline.php(183): Illuminate\\Foundation\\Http\\Middleware\\PreventRequestsDuringMaintenance->handle()
#27 /var/www/vhosts/south.davesrvcenter.com/crm.davesrvcenter.com/backend/vendor/laravel/framework/src/Illuminate/Http/Middleware/HandleCors.php(62): Illuminate\\Pipeline\\Pipeline->Illuminate\\Pipeline\\{closure}()
#28 /var/www/vhosts/south.davesrvcenter.com/crm.davesrvcenter.com/backend/vendor/laravel/framework/src/Illuminate/Pipeline/Pipeline.php(183): Illuminate\\Http\\Middleware\\HandleCors->handle()
#29 /var/www/vhosts/south.davesrvcenter.com/crm.davesrvcenter.com/backend/vendor/laravel/framework/src/Illuminate/Http/Middleware/TrustProxies.php(39): Illuminate\\Pipeline\\Pipeline->Illuminate\\Pipeline\\{closure}()
#30 /var/www/vhosts/south.davesrvcenter.com/crm.davesrvcenter.com/backend/vendor/laravel/framework/src/Illuminate/Pipeline/Pipeline.php(183): Illuminate\\Http\\Middleware\\TrustProxies->handle()
#31 /var/www/vhosts/south.davesrvcenter.com/crm.davesrvcenter.com/backend/vendor/laravel/framework/src/Illuminate/Pipeline/Pipeline.php(119): Illuminate\\Pipeline\\Pipeline->Illuminate\\Pipeline\\{closure}()
#32 /var/www/vhosts/south.davesrvcenter.com/crm.davesrvcenter.com/backend/vendor/laravel/framework/src/Illuminate/Foundation/Http/Kernel.php(175): Illuminate\\Pipeline\\Pipeline->then()
#33 /var/www/vhosts/south.davesrvcenter.com/crm.davesrvcenter.com/backend/vendor/laravel/framework/src/Illuminate/Foundation/Http/Kernel.php(144): Illuminate\\Foundation\\Http\\Kernel->sendRequestThroughRouter()
#34 /var/www/vhosts/south.davesrvcenter.com/crm.davesrvcenter.com/backend/vendor/laravel/framework/src/Illuminate/Foundation/Application.php(1115): Illuminate\\Foundation\\Http\\Kernel->handle()
#35 Command line code(1): Illuminate\\Foundation\\Application->handle()
#36 {main}
"} 
[2025-11-08 00:34:39] production.ERROR: syntax error, unexpected token "<", expecting end of file {"exception":"[object] (ParseError(code: 0): syntax error, unexpected token \"<\", expecting end of file at /var/www/vhosts/south.davesrvcenter.com/crm.davesrvcenter.com/backend/app/Console/Commands/ImportQuickBooksGeneralLedger.php:388)
[stacktrace]
#0 /var/www/vhosts/south.davesrvcenter.com/crm.davesrvcenter.com/backend/vendor/composer/ClassLoader.php(427): Composer\\Autoload\\{closure}()
#1 [internal function]: Composer\\Autoload\\ClassLoader->loadClass()
#2 /var/www/vhosts/south.davesrvcenter.com/crm.davesrvcenter.com/backend/vendor/laravel/framework/src/Illuminate/Foundation/Console/Kernel.php(346): is_subclass_of()
#3 /var/www/vhosts/south.davesrvcenter.com/crm.davesrvcenter.com/backend/app/Console/Kernel.php(23): Illuminate\\Foundation\\Console\\Kernel->load()
#4 /var/www/vhosts/south.davesrvcenter.com/crm.davesrvcenter.com/backend/vendor/laravel/framework/src/Illuminate/Foundation/Console/Kernel.php(453): App\\Console\\Kernel->commands()
#5 /var/www/vhosts/south.davesrvcenter.com/crm.davesrvcenter.com/backend/vendor/laravel/framework/src/Illuminate/Foundation/Console/Kernel.php(199): Illuminate\\Foundation\\Console\\Kernel->bootstrap()
#6 /var/www/vhosts/south.davesrvcenter.com/crm.davesrvcenter.com/backend/artisan(35): Illuminate\\Foundation\\Console\\Kernel->handle()
#7 {main}
"} 
[2025-11-08 00:40:24] production.ERROR: SQLSTATE[HY000]: General error: 1364 Field 'created_by' doesn't have a default value (Connection: mysql, SQL: insert into `journal_entries` (`entry_number`, `entry_date`, `description`, `status`, `memo`, `updated_at`, `created_at`) values (QB-13, 1996-12-10 00:00:00, Payment, posted, Cassella Vinny, 2025-11-08 00:40:24, 2025-11-08 00:40:24)) {"exception":"[object] (Illuminate\\Database\\QueryException(code: HY000): SQLSTATE[HY000]: General error: 1364 Field 'created_by' doesn't have a default value (Connection: mysql, SQL: insert into `journal_entries` (`entry_number`, `entry_date`, `description`, `status`, `memo`, `updated_at`, `created_at`) values (QB-13, 1996-12-10 00:00:00, Payment, posted, Cassella Vinny, 2025-11-08 00:40:24, 2025-11-08 00:40:24)) at /var/www/vhosts/south.davesrvcenter.com/crm.davesrvcenter.com/backend/vendor/laravel/framework/src/Illuminate/Database/Connection.php:829)
[stacktrace]
#0 /var/www/vhosts/south.davesrvcenter.com/crm.davesrvcenter.com/backend/vendor/laravel/framework/src/Illuminate/Database/Connection.php(783): Illuminate\\Database\\Connection->runQueryCallback()
#1 /var/www/vhosts/south.davesrvcenter.com/crm.davesrvcenter.com/backend/vendor/laravel/framework/src/Illuminate/Database/MySqlConnection.php(34): Illuminate\\Database\\Connection->run()
#2 /var/www/vhosts/south.davesrvcenter.com/crm.davesrvcenter.com/backend/vendor/laravel/framework/src/Illuminate/Database/Query/Processors/MySqlProcessor.php(35): Illuminate\\Database\\MySqlConnection->insert()
#3 /var/www/vhosts/south.davesrvcenter.com/crm.davesrvcenter.com/backend/vendor/laravel/framework/src/Illuminate/Database/Query/Builder.php(3549): Illuminate\\Database\\Query\\Processors\\MySqlProcessor->processInsertGetId()
#4 /var/www/vhosts/south.davesrvcenter.com/crm.davesrvcenter.com/backend/vendor/laravel/framework/src/Illuminate/Database/Eloquent/Builder.php(1982): Illuminate\\Database\\Query\\Builder->insertGetId()
#5 /var/www/vhosts/south.davesrvcenter.com/crm.davesrvcenter.com/backend/vendor/laravel/framework/src/Illuminate/Database/Eloquent/Model.php(1334): Illuminate\\Database\\Eloquent\\Builder->__call()
#6 /var/www/vhosts/south.davesrvcenter.com/crm.davesrvcenter.com/backend/vendor/laravel/framework/src/Illuminate/Database/Eloquent/Model.php(1299): Illuminate\\Database\\Eloquent\\Model->insertAndSetId()
#7 /var/www/vhosts/south.davesrvcenter.com/crm.davesrvcenter.com/backend/vendor/laravel/framework/src/Illuminate/Database/Eloquent/Model.php(1138): Illuminate\\Database\\Eloquent\\Model->performInsert()
#8 /var/www/vhosts/south.davesrvcenter.com/crm.davesrvcenter.com/backend/vendor/laravel/framework/src/Illuminate/Database/Eloquent/Builder.php(1025): Illuminate\\Database\\Eloquent\\Model->save()
#9 /var/www/vhosts/south.davesrvcenter.com/crm.davesrvcenter.com/backend/vendor/laravel/framework/src/Illuminate/Support/helpers.php(320): Illuminate\\Database\\Eloquent\\Builder->Illuminate\\Database\\Eloquent\\{closure}()
#10 /var/www/vhosts/south.davesrvcenter.com/crm.davesrvcenter.com/backend/vendor/laravel/framework/src/Illuminate/Database/Eloquent/Builder.php(1024): tap()
#11 /var/www/vhosts/south.davesrvcenter.com/crm.davesrvcenter.com/backend/vendor/laravel/framework/src/Illuminate/Support/Traits/ForwardsCalls.php(23): Illuminate\\Database\\Eloquent\\Builder->create()
#12 /var/www/vhosts/south.davesrvcenter.com/crm.davesrvcenter.com/backend/vendor/laravel/framework/src/Illuminate/Database/Eloquent/Model.php(2335): Illuminate\\Database\\Eloquent\\Model->forwardCallTo()
#13 /var/www/vhosts/south.davesrvcenter.com/crm.davesrvcenter.com/backend/vendor/laravel/framework/src/Illuminate/Database/Eloquent/Model.php(2347): Illuminate\\Database\\Eloquent\\Model->__call()
#14 /var/www/vhosts/south.davesrvcenter.com/crm.davesrvcenter.com/backend/app/Console/Commands/ImportQuickBooksGeneralLedger.php(239): Illuminate\\Database\\Eloquent\\Model::__callStatic()
#15 /var/www/vhosts/south.davesrvcenter.com/crm.davesrvcenter.com/backend/app/Console/Commands/ImportQuickBooksGeneralLedger.php(279): App\\Console\\Commands\\ImportQuickBooksGeneralLedger->App\\Console\\Commands\\{closure}()
#16 /var/www/vhosts/south.davesrvcenter.com/crm.davesrvcenter.com/backend/app/Console/Commands/ImportQuickBooksGeneralLedger.php(41): App\\Console\\Commands\\ImportQuickBooksGeneralLedger->processJournalEntries()
#17 /var/www/vhosts/south.davesrvcenter.com/crm.davesrvcenter.com/backend/vendor/laravel/framework/src/Illuminate/Container/BoundMethod.php(36): App\\Console\\Commands\\ImportQuickBooksGeneralLedger->handle()
#18 /var/www/vhosts/south.davesrvcenter.com/crm.davesrvcenter.com/backend/vendor/laravel/framework/src/Illuminate/Container/Util.php(41): Illuminate\\Container\\BoundMethod::Illuminate\\Container\\{closure}()
#19 /var/www/vhosts/south.davesrvcenter.com/crm.davesrvcenter.com/backend/vendor/laravel/framework/src/Illuminate/Container/BoundMethod.php(93): Illuminate\\Container\\Util::unwrapIfClosure()
#20 /var/www/vhosts/south.davesrvcenter.com/crm.davesrvcenter.com/backend/vendor/laravel/framework/src/Illuminate/Container/BoundMethod.php(35): Illuminate\\Container\\BoundMethod::callBoundMethod()
#21 /var/www/vhosts/south.davesrvcenter.com/crm.davesrvcenter.com/backend/vendor/laravel/framework/src/Illuminate/Container/Container.php(662): Illuminate\\Container\\BoundMethod::call()
#22 /var/www/vhosts/south.davesrvcenter.com/crm.davesrvcenter.com/backend/vendor/laravel/framework/src/Illuminate/Console/Command.php(211): Illuminate\\Container\\Container->call()
#23 /var/www/vhosts/south.davesrvcenter.com/crm.davesrvcenter.com/backend/vendor/symfony/console/Command/Command.php(326): Illuminate\\Console\\Command->execute()
#24 /var/www/vhosts/south.davesrvcenter.com/crm.davesrvcenter.com/backend/vendor/laravel/framework/src/Illuminate/Console/Command.php(180): Symfony\\Component\\Console\\Command\\Command->run()
#25 /var/www/vhosts/south.davesrvcenter.com/crm.davesrvcenter.com/backend/vendor/symfony/console/Application.php(1088): Illuminate\\Console\\Command->run()
#26 /var/www/vhosts/south.davesrvcenter.com/crm.davesrvcenter.com/backend/vendor/symfony/console/Application.php(324): Symfony\\Component\\Console\\Application->doRunCommand()
#27 /var/www/vhosts/south.davesrvcenter.com/crm.davesrvcenter.com/backend/vendor/symfony/console/Application.php(175): Symfony\\Component\\Console\\Application->doRun()
#28 /var/www/vhosts/south.davesrvcenter.com/crm.davesrvcenter.com/backend/vendor/laravel/framework/src/Illuminate/Foundation/Console/Kernel.php(201): Symfony\\Component\\Console\\Application->run()
#29 /var/www/vhosts/south.davesrvcenter.com/crm.davesrvcenter.com/backend/artisan(35): Illuminate\\Foundation\\Console\\Kernel->handle()
#30 {main}

[previous exception] [object] (PDOException(code: HY000): SQLSTATE[HY000]: General error: 1364 Field 'created_by' doesn't have a default value at /var/www/vhosts/south.davesrvcenter.com/crm.davesrvcenter.com/backend/vendor/laravel/framework/src/Illuminate/Database/MySqlConnection.php:45)
[stacktrace]
#0 /var/www/vhosts/south.davesrvcenter.com/crm.davesrvcenter.com/backend/vendor/laravel/framework/src/Illuminate/Database/MySqlConnection.php(45): PDOStatement->execute()
#1 /var/www/vhosts/south.davesrvcenter.com/crm.davesrvcenter.com/backend/vendor/laravel/framework/src/Illuminate/Database/Connection.php(816): Illuminate\\Database\\MySqlConnection->Illuminate\\Database\\{closure}()
#2 /var/www/vhosts/south.davesrvcenter.com/crm.davesrvcenter.com/backend/vendor/laravel/framework/src/Illuminate/Database/Connection.php(783): Illuminate\\Database\\Connection->runQueryCallback()
#3 /var/www/vhosts/south.davesrvcenter.com/crm.davesrvcenter.com/backend/vendor/laravel/framework/src/Illuminate/Database/MySqlConnection.php(34): Illuminate\\Database\\Connection->run()
#4 /var/www/vhosts/south.davesrvcenter.com/crm.davesrvcenter.com/backend/vendor/laravel/framework/src/Illuminate/Database/Query/Processors/MySqlProcessor.php(35): Illuminate\\Database\\MySqlConnection->insert()
#5 /var/www/vhosts/south.davesrvcenter.com/crm.davesrvcenter.com/backend/vendor/laravel/framework/src/Illuminate/Database/Query/Builder.php(3549): Illuminate\\Database\\Query\\Processors\\MySqlProcessor->processInsertGetId()
#6 /var/www/vhosts/south.davesrvcenter.com/crm.davesrvcenter.com/backend/vendor/laravel/framework/src/Illuminate/Database/Eloquent/Builder.php(1982): Illuminate\\Database\\Query\\Builder->insertGetId()
#7 /var/www/vhosts/south.davesrvcenter.com/crm.davesrvcenter.com/backend/vendor/laravel/framework/src/Illuminate/Database/Eloquent/Model.php(1334): Illuminate\\Database\\Eloquent\\Builder->__call()
#8 /var/www/vhosts/south.davesrvcenter.com/crm.davesrvcenter.com/backend/vendor/laravel/framework/src/Illuminate/Database/Eloquent/Model.php(1299): Illuminate\\Database\\Eloquent\\Model->insertAndSetId()
#9 /var/www/vhosts/south.davesrvcenter.com/crm.davesrvcenter.com/backend/vendor/laravel/framework/src/Illuminate/Database/Eloquent/Model.php(1138): Illuminate\\Database\\Eloquent\\Model->performInsert()
#10 /var/www/vhosts/south.davesrvcenter.com/crm.davesrvcenter.com/backend/vendor/laravel/framework/src/Illuminate/Database/Eloquent/Builder.php(1025): Illuminate\\Database\\Eloquent\\Model->save()
#11 /var/www/vhosts/south.davesrvcenter.com/crm.davesrvcenter.com/backend/vendor/laravel/framework/src/Illuminate/Support/helpers.php(320): Illuminate\\Database\\Eloquent\\Builder->Illuminate\\Database\\Eloquent\\{closure}()
#12 /var/www/vhosts/south.davesrvcenter.com/crm.davesrvcenter.com/backend/vendor/laravel/framework/src/Illuminate/Database/Eloquent/Builder.php(1024): tap()
#13 /var/www/vhosts/south.davesrvcenter.com/crm.davesrvcenter.com/backend/vendor/laravel/framework/src/Illuminate/Support/Traits/ForwardsCalls.php(23): Illuminate\\Database\\Eloquent\\Builder->create()
#14 /var/www/vhosts/south.davesrvcenter.com/crm.davesrvcenter.com/backend/vendor/laravel/framework/src/Illuminate/Database/Eloquent/Model.php(2335): Illuminate\\Database\\Eloquent\\Model->forwardCallTo()
#15 /var/www/vhosts/south.davesrvcenter.com/crm.davesrvcenter.com/backend/vendor/laravel/framework/src/Illuminate/Database/Eloquent/Model.php(2347): Illuminate\\Database\\Eloquent\\Model->__call()
#16 /var/www/vhosts/south.davesrvcenter.com/crm.davesrvcenter.com/backend/app/Console/Commands/ImportQuickBooksGeneralLedger.php(239): Illuminate\\Database\\Eloquent\\Model::__callStatic()
#17 /var/www/vhosts/south.davesrvcenter.com/crm.davesrvcenter.com/backend/app/Console/Commands/ImportQuickBooksGeneralLedger.php(279): App\\Console\\Commands\\ImportQuickBooksGeneralLedger->App\\Console\\Commands\\{closure}()
#18 /var/www/vhosts/south.davesrvcenter.com/crm.davesrvcenter.com/backend/app/Console/Commands/ImportQuickBooksGeneralLedger.php(41): App\\Console\\Commands\\ImportQuickBooksGeneralLedger->processJournalEntries()
#19 /var/www/vhosts/south.davesrvcenter.com/crm.davesrvcenter.com/backend/vendor/laravel/framework/src/Illuminate/Container/BoundMethod.php(36): App\\Console\\Commands\\ImportQuickBooksGeneralLedger->handle()
#20 /var/www/vhosts/south.davesrvcenter.com/crm.davesrvcenter.com/backend/vendor/laravel/framework/src/Illuminate/Container/Util.php(41): Illuminate\\Container\\BoundMethod::Illuminate\\Container\\{closure}()
#21 /var/www/vhosts/south.davesrvcenter.com/crm.davesrvcenter.com/backend/vendor/laravel/framework/src/Illuminate/Container/BoundMethod.php(93): Illuminate\\Container\\Util::unwrapIfClosure()
#22 /var/www/vhosts/south.davesrvcenter.com/crm.davesrvcenter.com/backend/vendor/laravel/framework/src/Illuminate/Container/BoundMethod.php(35): Illuminate\\Container\\BoundMethod::callBoundMethod()
#23 /var/www/vhosts/south.davesrvcenter.com/crm.davesrvcenter.com/backend/vendor/laravel/framework/src/Illuminate/Container/Container.php(662): Illuminate\\Container\\BoundMethod::call()
#24 /var/www/vhosts/south.davesrvcenter.com/crm.davesrvcenter.com/backend/vendor/laravel/framework/src/Illuminate/Console/Command.php(211): Illuminate\\Container\\Container->call()
#25 /var/www/vhosts/south.davesrvcenter.com/crm.davesrvcenter.com/backend/vendor/symfony/console/Command/Command.php(326): Illuminate\\Console\\Command->execute()
#26 /var/www/vhosts/south.davesrvcenter.com/crm.davesrvcenter.com/backend/vendor/laravel/framework/src/Illuminate/Console/Command.php(180): Symfony\\Component\\Console\\Command\\Command->run()
#27 /var/www/vhosts/south.davesrvcenter.com/crm.davesrvcenter.com/backend/vendor/symfony/console/Application.php(1088): Illuminate\\Console\\Command->run()
#28 /var/www/vhosts/south.davesrvcenter.com/crm.davesrvcenter.com/backend/vendor/symfony/console/Application.php(324): Symfony\\Component\\Console\\Application->doRunCommand()
#29 /var/www/vhosts/south.davesrvcenter.com/crm.davesrvcenter.com/backend/vendor/symfony/console/Application.php(175): Symfony\\Component\\Console\\Application->doRun()
#30 /var/www/vhosts/south.davesrvcenter.com/crm.davesrvcenter.com/backend/vendor/laravel/framework/src/Illuminate/Foundation/Console/Kernel.php(201): Symfony\\Component\\Console\\Application->run()
#31 /var/www/vhosts/south.davesrvcenter.com/crm.davesrvcenter.com/backend/artisan(35): Illuminate\\Foundation\\Console\\Kernel->handle()
#32 {main}
"} 
